6.9472 	WARNING 	User requested fullscreen with size [1024  768], but screen is actually [2880, 1800]. Using actual size
7.8987 	EXP 	Created window1 = Window(allowGUI=False, allowStencil=False, args=UNKNOWN, autoLog=True, bitsMode=UNKNOWN, blendMode='avg', color=array([0., 0., 0.]), colorSpace='rgb', fullscr=<method-wrapper '__getattribute__' of attributeSetter object at 0x0000028C99B592B0>, gamma=None, gammaErrorPolicy='raise', kwargs=UNKNOWN, lms=UNKNOWN, monitor=<psychopy.monitors.calibTools.Monitor object at 0x0000028C98975470>, multiSample=False, name='window1', numSamples=2, pos=[0.0, 0.0], screen=0, size=array([2880, 1800]), stereo=False, units='height', useFBO=True, useRetina=False, viewOri=0.0, viewPos=None, viewScale=None, waitBlanking=True, winType='pyglet')
7.8987 	EXP 	window1: recordFrameIntervals = False
8.0649 	EXP 	window1: recordFrameIntervals = True
8.2485 	EXP 	window1: recordFrameIntervals = False
8.5296 	EXP 	Created instr_text = TextStim(__class__=<class 'psychopy.visual.text.TextStim'>, alignHoriz='center', alignVert='center', antialias=True, autoLog=True, bold=False, color='white', colorSpace='named', contrast=1.0, depth=0.0, flipHoriz=False, flipVert=False, font='Arial', fontFiles=[], height=0.05, italic=False, languageStyle='LTR', name='instr_text', opacity=1.0, ori=0, pos=array([0., 0.]), rgb=array([255., 255., 255.]), text='default text', units='height', win=Window(...), wrapWidth=1)
8.5332 	EXP 	Created cont_text = TextStim(__class__=<class 'psychopy.visual.text.TextStim'>, alignHoriz='center', alignVert='center', antialias=True, autoLog=True, bold=False, color='white', colorSpace='named', contrast=1.0, depth=-2.0, flipHoriz=False, flipVert=False, font='Arial', fontFiles=[], height=0.05, italic=False, languageStyle='LTR', name='cont_text', opacity=1.0, ori=0, pos=array([ 0. , -0.4]), rgb=array([255., 255., 255.]), text='default text', units='height', win=Window(...), wrapWidth=1)
8.5645 	EXP 	Created B1_stim_txt = TextStim(__class__=<class 'psychopy.visual.text.TextStim'>, alignHoriz='center', alignVert='center', antialias=True, autoLog=True, bold=False, color='white', colorSpace='named', contrast=1.0, depth=0.0, flipHoriz=False, flipVert=False, font='Arial', fontFiles=[], height=0.1, italic=False, languageStyle='LTR', name='B1_stim_txt', opacity=1.0, ori=0, pos=array([0., 0.]), rgb=array([255., 255., 255.]), text='default text', units='height', win=Window(...), wrapWidth=1)
8.5697 	EXP 	Created fixation = TextStim(__class__=<class 'psychopy.visual.text.TextStim'>, alignHoriz='center', alignVert='center', antialias=True, autoLog=True, bold=False, color='white', colorSpace='named', contrast=1.0, depth=-2.0, flipHoriz=False, flipVert=False, font='Arial', fontFiles=[], height=0.1, italic=False, languageStyle='LTR', name='fixation', opacity=1.0, ori=0, pos=array([0., 0.]), rgb=array([255., 255., 255.]), text='+', units='height', win=Window(...), wrapWidth=1)
8.5961 	EXP 	Created thanks_txt = TextStim(__class__=<class 'psychopy.visual.text.TextStim'>, alignHoriz='center', alignVert='center', antialias=True, autoLog=True, bold=False, color='white', colorSpace='named', contrast=1.0, depth=0.0, flipHoriz=False, flipVert=False, font='Arial', fontFiles=[], height=0.05, italic=False, languageStyle='LTR', name='thanks_txt', opacity=1.0, ori=0, pos=array([0., 0.]), rgb=array([255., 255., 255.]), text='Good work!\n\nYou have finished this task. ', units='height', win=Window(...), wrapWidth=1)
8.6108 	EXP 	Created thanks_cont_text = TextStim(__class__=<class 'psychopy.visual.text.TextStim'>, alignHoriz='center', alignVert='center', antialias=True, autoLog=True, bold=False, color='white', colorSpace='named', contrast=1.0, depth=-2.0, flipHoriz=False, flipVert=False, font='Arial', fontFiles=[], height=0.05, italic=False, languageStyle='LTR', name='thanks_cont_text', opacity=1.0, ori=0, pos=array([ 0. , -0.4]), rgb=array([255., 255., 255.]), text='Press SPACE to continue.', units='height', win=Window(...), wrapWidth=1)
8.6401 	EXP 	Imported SST_Instr.xlsx as conditions, 1 conditions, 3 params
8.6403 	EXP 	Created sequence: sequential, trialTypes=1, nReps=1, seed=None
8.6406 	EXP 	New trial (rep=0, index=0): OrderedDict([('index', 0), ('instr_txt', 'During this task, you will see words appear in the middle of the screen. '), ('cont_txt', 'Press SPACE for more instructions.')])
8.7317 	EXP 	instr_text: text = 'During this task, you will see words appear in the middle of the screen. '
8.7317 	EXP 	cont_text: text = 'Press SPACE for more instructions.'
8.7317 	EXP 	instr_text: autoDraw = True
8.7317 	EXP 	cont_text: autoDraw = True
10.1027 	DATA 	Keypress: space
10.1262 	EXP 	Imported SST_B1.xlsx as conditions, 24 conditions, 3 params
10.1268 	EXP 	Created sequence: random, trialTypes=24, nReps=24, seed=None
10.1271 	EXP 	New trial (rep=0, index=0): OrderedDict([('B1_stim', 'Screwdriver'), ('B1_condition', 'Nonanimals'), ('B1_correct', 'j')])
10.1653 	EXP 	instr_text: autoDraw = False
10.1653 	EXP 	cont_text: autoDraw = False
10.1653 	EXP 	B1_stim_txt: text = 'Screwdriver'
10.6484 	EXP 	fixation: autoDraw = True
11.1482 	EXP 	B1_stim_txt: autoDraw = True
11.1482 	EXP 	fixation: autoDraw = False
12.5367 	DATA 	Keypress: f
12.6327 	EXP 	New trial (rep=0, index=1): OrderedDict([('B1_stim', 'Penguin'), ('B1_condition', 'Animals'), ('B1_correct', 'f')])
12.6653 	EXP 	B1_stim_txt: autoDraw = False
12.6653 	EXP 	fixation: autoDraw = False
12.6653 	EXP 	B1_stim_txt: text = 'Penguin'
13.1483 	EXP 	fixation: autoDraw = True
13.6483 	EXP 	B1_stim_txt: autoDraw = True
13.6483 	EXP 	fixation: autoDraw = False
14.2366 	DATA 	Keypress: j
15.1324 	EXP 	New trial (rep=0, index=2): OrderedDict([('B1_stim', 'Zebra'), ('B1_condition', 'Animals'), ('B1_correct', 'f')])
15.1485 	EXP 	B1_stim_txt: autoDraw = False
15.1485 	EXP 	fixation: autoDraw = False
15.1485 	EXP 	B1_stim_txt: text = 'Zebra'
15.6486 	EXP 	fixation: autoDraw = True
16.1483 	EXP 	B1_stim_txt: autoDraw = True
16.1483 	EXP 	fixation: autoDraw = False
16.6529 	DATA 	Keypress: f
17.6323 	EXP 	New trial (rep=0, index=3): OrderedDict([('B1_stim', 'Shorts'), ('B1_condition', 'Nonanimals'), ('B1_correct', 'j')])
17.6652 	EXP 	B1_stim_txt: autoDraw = False
17.6652 	EXP 	fixation: autoDraw = False
17.6652 	EXP 	B1_stim_txt: text = 'Shorts'
18.1482 	EXP 	fixation: autoDraw = True
18.6480 	EXP 	B1_stim_txt: autoDraw = True
18.6480 	EXP 	fixation: autoDraw = False
19.6197 	DATA 	Keypress: j
20.1323 	EXP 	New trial (rep=0, index=4): OrderedDict([('B1_stim', 'Truck'), ('B1_condition', 'Nonanimals'), ('B1_correct', 'j')])
20.1485 	EXP 	B1_stim_txt: autoDraw = False
20.1485 	EXP 	fixation: autoDraw = False
20.1485 	EXP 	B1_stim_txt: text = 'Truck'
20.6482 	EXP 	fixation: autoDraw = True
21.1482 	EXP 	B1_stim_txt: autoDraw = True
21.1482 	EXP 	fixation: autoDraw = False
21.9187 	DATA 	Keypress: f
22.6322 	EXP 	New trial (rep=0, index=5): OrderedDict([('B1_stim', 'Subway'), ('B1_condition', 'Nonanimals'), ('B1_correct', 'j')])
22.6482 	EXP 	B1_stim_txt: autoDraw = False
22.6482 	EXP 	fixation: autoDraw = False
22.6482 	EXP 	B1_stim_txt: text = 'Subway'
23.1315 	EXP 	fixation: autoDraw = True
23.6315 	EXP 	B1_stim_txt: autoDraw = True
23.6315 	EXP 	fixation: autoDraw = False
24.1529 	DATA 	Keypress: escape
24.4197 	EXP 	window1: mouseVisible = True
