8.8378 	WARNING 	User requested fullscreen with size [1440  900], but screen is actually [2880, 1800]. Using actual size
9.7788 	EXP 	Created window1 = Window(allowGUI=False, allowStencil=False, args=UNKNOWN, autoLog=True, bitsMode=UNKNOWN, blendMode='avg', color=array([0., 0., 0.]), colorSpace='rgb', fullscr=<method-wrapper '__getattribute__' of attributeSetter object at 0x000002041C141A58>, gamma=None, kwargs=UNKNOWN, lms=UNKNOWN, monitor=<psychopy.monitors.calibTools.Monitor object at 0x000002041C191780>, multiSample=False, name='window1', numSamples=2, pos=[0.0, 0.0], screen=0, size=array([2880, 1800]), stereo=False, units='height', useFBO=True, useRetina=False, viewOri=0.0, viewPos=None, viewScale=None, waitBlanking=True, winType='pyglet')
9.7788 	EXP 	window1: recordFrameIntervals = False
9.9450 	EXP 	window1: recordFrameIntervals = True
10.1287 	EXP 	window1: recordFrameIntervals = False
10.4022 	EXP 	Created B2_instr_txt = TextStim(__class__=<class 'psychopy.visual.text.TextStim'>, alignHoriz='center', alignVert='center', antialias=True, autoLog=True, bold=False, color='white', colorSpace='named', contrast=1.0, depth=0.0, flipHoriz=False, flipVert=False, font='Arial', fontFiles=[], height=0.05, italic=False, languageStyle='LTR', name='B2_instr_txt', opacity=1.0, ori=0, pos=array([0., 0.]), rgb=array([255., 255., 255.]), text='default text', units='height', win=Window(...), wrapWidth=1)
10.4056 	EXP 	Created B2_cont_txt = TextStim(__class__=<class 'psychopy.visual.text.TextStim'>, alignHoriz='center', alignVert='center', antialias=True, autoLog=True, bold=False, color='white', colorSpace='named', contrast=1.0, depth=-2.0, flipHoriz=False, flipVert=False, font='Arial', fontFiles=[], height=0.05, italic=False, languageStyle='LTR', name='B2_cont_txt', opacity=1.0, ori=0, pos=array([ 0. , -0.4]), rgb=array([255., 255., 255.]), text='default text', units='height', win=Window(...), wrapWidth=1)
10.4358 	EXP 	Created B2_stim_text = TextStim(__class__=<class 'psychopy.visual.text.TextStim'>, alignHoriz='center', alignVert='center', antialias=True, autoLog=True, bold=False, color='white', colorSpace='named', contrast=1.0, depth=0.0, flipHoriz=False, flipVert=False, font='Arial', fontFiles=[], height=0.1, italic=False, languageStyle='LTR', name='B2_stim_text', opacity=1.0, ori=0, pos=array([0., 0.]), rgb=array([255., 255., 255.]), text='default text', units='height', win=Window(...), wrapWidth=1)
10.4406 	EXP 	Created B2_fixation = TextStim(__class__=<class 'psychopy.visual.text.TextStim'>, alignHoriz='center', alignVert='center', antialias=True, autoLog=True, bold=False, color='white', colorSpace='named', contrast=1.0, depth=-2.0, flipHoriz=False, flipVert=False, font='Arial', fontFiles=[], height=0.1, italic=False, languageStyle='LTR', name='B2_fixation', opacity=1.0, ori=0, pos=array([0., 0.]), rgb=array([255., 255., 255.]), text='default text', units='height', win=Window(...), wrapWidth=1)
11.1934 	EXP 	Set  sound=C
11.1955 	EXP 	Set  sound=A
11.1956 	EXP 	Sound  set volume 1.000
11.2266 	EXP 	Created thanks_txt = TextStim(__class__=<class 'psychopy.visual.text.TextStim'>, alignHoriz='center', alignVert='center', antialias=True, autoLog=True, bold=False, color='white', colorSpace='named', contrast=1.0, depth=0.0, flipHoriz=False, flipVert=False, font='Arial', fontFiles=[], height=0.05, italic=False, languageStyle='LTR', name='thanks_txt', opacity=1.0, ori=0, pos=array([0., 0.]), rgb=array([255., 255., 255.]), text='Good work!\n\nYou have finished this task. ', units='height', win=Window(...), wrapWidth=1)
11.2433 	EXP 	Created thanks_cont_text = TextStim(__class__=<class 'psychopy.visual.text.TextStim'>, alignHoriz='center', alignVert='center', antialias=True, autoLog=True, bold=False, color='white', colorSpace='named', contrast=1.0, depth=-2.0, flipHoriz=False, flipVert=False, font='Arial', fontFiles=[], height=0.05, italic=False, languageStyle='LTR', name='thanks_cont_text', opacity=1.0, ori=0, pos=array([ 0. , -0.4]), rgb=array([255., 255., 255.]), text='Press SPACE to continue.', units='height', win=Window(...), wrapWidth=1)
11.2735 	EXP 	Imported B2_instr.xlsx as conditions, 4 conditions, 3 params
11.2737 	EXP 	Created sequence: sequential, trialTypes=4, nReps=1, seed=None
11.2740 	EXP 	New trial (rep=0, index=0): OrderedDict([('index', 2), ('instr_txt', 'Nice Work!'), ('cont_txt', 'Press SPACE for more instructions.')])
11.3450 	EXP 	B2_instr_txt: text = 'Nice Work!'
11.3450 	EXP 	B2_cont_txt: text = 'Press SPACE for more instructions.'
11.3450 	EXP 	B2_instr_txt: autoDraw = True
11.3450 	EXP 	B2_cont_txt: autoDraw = True
13.0494 	EXP 	New trial (rep=0, index=1): OrderedDict([('index', 3), ('instr_txt', 'In this section, you will see a word in the middle of the screen.'), ('cont_txt', 'Press SPACE for more instructions.')])
13.0804 	DATA 	Keypress: space
13.0951 	EXP 	B2_instr_txt: autoDraw = False
13.0951 	EXP 	B2_cont_txt: autoDraw = False
13.0951 	EXP 	B2_instr_txt: text = 'In this section, you will see a word in the middle of the screen.'
13.0951 	EXP 	B2_cont_txt: text = 'Press SPACE for more instructions.'
13.0951 	EXP 	B2_instr_txt: autoDraw = True
13.0951 	EXP 	B2_cont_txt: autoDraw = True
13.6836 	DATA 	Keypress: space
13.6991 	EXP 	New trial (rep=0, index=2): OrderedDict([('index', 4), ('instr_txt', 'Just like in the last section…\n\nIf the word is an animal, press "F".\nIf the word is not an animal, press "J".'), ('cont_txt', 'Press SPACE for more instructions.')])
13.7783 	EXP 	B2_instr_txt: autoDraw = False
13.7783 	EXP 	B2_cont_txt: autoDraw = False
13.7783 	EXP 	B2_instr_txt: text = 'Just like in the last section…\n\nIf the word is an animal, press "F".\nIf the word is not an animal, press "J".'
13.7783 	EXP 	B2_cont_txt: text = 'Press SPACE for more instructions.'
13.7783 	EXP 	B2_instr_txt: autoDraw = True
13.7783 	EXP 	B2_cont_txt: autoDraw = True
14.5327 	EXP 	New trial (rep=0, index=3): OrderedDict([('index', 5), ('instr_txt', 'However, this time, if you hear a tone, \n\nDO NOT press any keys.'), ('cont_txt', 'Press SPACE to begin.')])
14.5795 	DATA 	Keypress: space
14.5949 	EXP 	B2_instr_txt: autoDraw = False
14.5949 	EXP 	B2_cont_txt: autoDraw = False
14.5949 	EXP 	B2_instr_txt: text = 'However, this time, if you hear a tone, \n\nDO NOT press any keys.'
14.5949 	EXP 	B2_cont_txt: text = 'Press SPACE to begin.'
14.5949 	EXP 	B2_instr_txt: autoDraw = True
14.5949 	EXP 	B2_cont_txt: autoDraw = True
15.4137 	EXP 	Imported SST_B2.xlsx as conditions, 192 conditions, 4 params
15.4142 	EXP 	Created sequence: sequential, trialTypes=192, nReps=1, seed=None
15.4144 	EXP 	New trial (rep=0, index=0): OrderedDict([('B2_stim', 'Antelope'), ('B2_condition', 'Animals'), ('B2_correct', 'f'), ('fixation_text', '+')])
15.4360 	EXP 	Set  sound=A
15.4378 	DATA 	Keypress: space
15.4460 	EXP 	Sound  started
15.4452 	EXP 	B2_instr_txt: autoDraw = False
15.4452 	EXP 	B2_cont_txt: autoDraw = False
15.4452 	EXP 	B2_stim_text: text = 'Antelope'
15.4452 	EXP 	B2_fixation: text = '+'
15.9450 	EXP 	B2_fixation: autoDraw = True
16.4118 	EXP 	Sound  stopped
16.4284 	EXP 	B2_fixation: autoDraw = False
16.4449 	EXP 	B2_stim_text: autoDraw = True
17.9129 	EXP 	Sound  stopped
17.9133 	EXP 	New trial (rep=0, index=1): OrderedDict([('B2_stim', 'Anteater'), ('B2_condition', 'Animals'), ('B2_correct', 'f'), ('fixation_text', 'X')])
17.9279 	EXP 	Set  sound=A
17.9457 	EXP 	Sound  started
17.9450 	EXP 	B2_stim_text: autoDraw = False
17.9450 	EXP 	B2_fixation: autoDraw = False
17.9450 	EXP 	B2_stim_text: text = 'Anteater'
17.9450 	EXP 	B2_fixation: text = 'X'
18.4450 	EXP 	B2_fixation: autoDraw = True
18.9120 	EXP 	Sound  stopped
18.9283 	EXP 	B2_fixation: autoDraw = False
18.9448 	EXP 	B2_stim_text: autoDraw = True
20.0497 	DATA 	Keypress: escape
20.3323 	EXP 	window1: mouseVisible = True
