6.4705 	WARNING 	User requested fullscreen with size [1440  900], but screen is actually [2880, 1800]. Using actual size
7.7689 	EXP 	Created window1 = Window(allowGUI=False, allowStencil=False, args=UNKNOWN, autoLog=True, bitsMode=UNKNOWN, blendMode='avg', color=array([0., 0., 0.]), colorSpace='rgb', fullscr=<method-wrapper '__getattribute__' of attributeSetter object at 0x000001F85E3D1A58>, gamma=None, kwargs=UNKNOWN, lms=UNKNOWN, monitor=<psychopy.monitors.calibTools.Monitor object at 0x000001F85E421780>, multiSample=False, name='window1', numSamples=2, pos=[0.0, 0.0], screen=0, size=array([2880, 1800]), stereo=False, units='height', useFBO=True, useRetina=False, viewOri=0.0, viewPos=None, viewScale=None, waitBlanking=True, winType='pyglet')
7.7689 	EXP 	window1: recordFrameIntervals = False
7.9351 	EXP 	window1: recordFrameIntervals = True
8.1184 	EXP 	window1: recordFrameIntervals = False
8.5368 	EXP 	Created B2_instr_txt = TextStim(__class__=<class 'psychopy.visual.text.TextStim'>, alignHoriz='center', alignVert='center', antialias=True, autoLog=True, bold=False, color='white', colorSpace='named', contrast=1.0, depth=0.0, flipHoriz=False, flipVert=False, font='Arial', fontFiles=[], height=0.05, italic=False, languageStyle='LTR', name='B2_instr_txt', opacity=1.0, ori=0, pos=array([0., 0.]), rgb=array([255., 255., 255.]), text='default text', units='height', win=Window(...), wrapWidth=1)
8.5403 	EXP 	Created B2_cont_txt = TextStim(__class__=<class 'psychopy.visual.text.TextStim'>, alignHoriz='center', alignVert='center', antialias=True, autoLog=True, bold=False, color='white', colorSpace='named', contrast=1.0, depth=-2.0, flipHoriz=False, flipVert=False, font='Arial', fontFiles=[], height=0.05, italic=False, languageStyle='LTR', name='B2_cont_txt', opacity=1.0, ori=0, pos=array([ 0. , -0.4]), rgb=array([255., 255., 255.]), text='default text', units='height', win=Window(...), wrapWidth=1)
8.5717 	EXP 	Created B2_stim_text = TextStim(__class__=<class 'psychopy.visual.text.TextStim'>, alignHoriz='center', alignVert='center', antialias=True, autoLog=True, bold=False, color='white', colorSpace='named', contrast=1.0, depth=0.0, flipHoriz=False, flipVert=False, font='Arial', fontFiles=[], height=0.1, italic=False, languageStyle='LTR', name='B2_stim_text', opacity=1.0, ori=0, pos=array([0., 0.]), rgb=array([255., 255., 255.]), text='default text', units='height', win=Window(...), wrapWidth=1)
8.5778 	EXP 	Created B2_fixation = TextStim(__class__=<class 'psychopy.visual.text.TextStim'>, alignHoriz='center', alignVert='center', antialias=True, autoLog=True, bold=False, color='white', colorSpace='named', contrast=1.0, depth=-2.0, flipHoriz=False, flipVert=False, font='Arial', fontFiles=[], height=0.1, italic=False, languageStyle='LTR', name='B2_fixation', opacity=1.0, ori=0, pos=array([0., 0.]), rgb=array([255., 255., 255.]), text='+', units='height', win=Window(...), wrapWidth=1)
9.3284 	EXP 	Set  sound=C
9.3304 	EXP 	Set  sound=A
9.3304 	EXP 	Sound  set volume 1.000
9.3591 	EXP 	Created thanks_txt = TextStim(__class__=<class 'psychopy.visual.text.TextStim'>, alignHoriz='center', alignVert='center', antialias=True, autoLog=True, bold=False, color='white', colorSpace='named', contrast=1.0, depth=0.0, flipHoriz=False, flipVert=False, font='Arial', fontFiles=[], height=0.05, italic=False, languageStyle='LTR', name='thanks_txt', opacity=1.0, ori=0, pos=array([0., 0.]), rgb=array([255., 255., 255.]), text='Good work!\n\nYou have finished this task. ', units='height', win=Window(...), wrapWidth=1)
9.3758 	EXP 	Created thanks_cont_text = TextStim(__class__=<class 'psychopy.visual.text.TextStim'>, alignHoriz='center', alignVert='center', antialias=True, autoLog=True, bold=False, color='white', colorSpace='named', contrast=1.0, depth=-2.0, flipHoriz=False, flipVert=False, font='Arial', fontFiles=[], height=0.05, italic=False, languageStyle='LTR', name='thanks_cont_text', opacity=1.0, ori=0, pos=array([ 0. , -0.4]), rgb=array([255., 255., 255.]), text='Press SPACE to continue.', units='height', win=Window(...), wrapWidth=1)
9.4079 	EXP 	Imported B2_instr.xlsx as conditions, 4 conditions, 3 params
9.4082 	EXP 	Created sequence: sequential, trialTypes=4, nReps=1, seed=None
9.4084 	EXP 	New trial (rep=0, index=0): OrderedDict([('index', 2), ('instr_txt', 'Nice Work!'), ('cont_txt', 'Press SPACE for more instructions.')])
9.4683 	EXP 	B2_instr_txt: text = 'Nice Work!'
9.4683 	EXP 	B2_cont_txt: text = 'Press SPACE for more instructions.'
9.4683 	EXP 	B2_instr_txt: autoDraw = True
9.4683 	EXP 	B2_cont_txt: autoDraw = True
11.1226 	EXP 	New trial (rep=0, index=1): OrderedDict([('index', 3), ('instr_txt', 'In this section, you will see a word in the middle of the screen.'), ('cont_txt', 'Press SPACE for more instructions.')])
11.1535 	DATA 	Keypress: space
11.1686 	EXP 	B2_instr_txt: autoDraw = False
11.1686 	EXP 	B2_cont_txt: autoDraw = False
11.1686 	EXP 	B2_instr_txt: text = 'In this section, you will see a word in the middle of the screen.'
11.1686 	EXP 	B2_cont_txt: text = 'Press SPACE for more instructions.'
11.1686 	EXP 	B2_instr_txt: autoDraw = True
11.1686 	EXP 	B2_cont_txt: autoDraw = True
11.4895 	DATA 	Keypress: space
11.5056 	EXP 	New trial (rep=0, index=2): OrderedDict([('index', 4), ('instr_txt', 'Just like in the last section…\n\nIf the word is an animal, press "F".\nIf the word is not an animal, press "J".'), ('cont_txt', 'Press SPACE for more instructions.')])
11.5683 	EXP 	B2_instr_txt: autoDraw = False
11.5683 	EXP 	B2_cont_txt: autoDraw = False
11.5683 	EXP 	B2_instr_txt: text = 'Just like in the last section…\n\nIf the word is an animal, press "F".\nIf the word is not an animal, press "J".'
11.5683 	EXP 	B2_cont_txt: text = 'Press SPACE for more instructions.'
11.5683 	EXP 	B2_instr_txt: autoDraw = True
11.5683 	EXP 	B2_cont_txt: autoDraw = True
12.0728 	DATA 	Keypress: space
12.0891 	EXP 	New trial (rep=0, index=3): OrderedDict([('index', 5), ('instr_txt', 'However, this time, if you hear a tone, \n\nDO NOT press any keys.'), ('cont_txt', 'Press SPACE to begin.')])
12.1516 	EXP 	B2_instr_txt: autoDraw = False
12.1516 	EXP 	B2_cont_txt: autoDraw = False
12.1516 	EXP 	B2_instr_txt: text = 'However, this time, if you hear a tone, \n\nDO NOT press any keys.'
12.1516 	EXP 	B2_cont_txt: text = 'Press SPACE to begin.'
12.1516 	EXP 	B2_instr_txt: autoDraw = True
12.1516 	EXP 	B2_cont_txt: autoDraw = True
12.6366 	EXP 	Imported SST_B2.xlsx as conditions, 192 conditions, 4 params
12.6372 	EXP 	Created sequence: sequential, trialTypes=192, nReps=1, seed=None
12.6374 	EXP 	New trial (rep=0, index=0): OrderedDict([('B2_stim', 'Antelope'), ('B2_condition', 'Animals'), ('B2_correct', 'f'), ('sig_volume', 1.0)])
12.6550 	EXP 	Set  sound=A
12.6570 	DATA 	Keypress: space
12.6695 	EXP 	Sound  started
12.6687 	EXP 	B2_instr_txt: autoDraw = False
12.6687 	EXP 	B2_cont_txt: autoDraw = False
12.6687 	EXP 	B2_stim_text: text = 'Antelope'
13.1683 	EXP 	B2_fixation: autoDraw = True
13.6352 	EXP 	Sound  stopped
13.6518 	EXP 	B2_fixation: autoDraw = False
13.6681 	EXP 	B2_stim_text: autoDraw = True
15.1364 	EXP 	Sound  stopped
15.1368 	EXP 	New trial (rep=0, index=1): OrderedDict([('B2_stim', 'Anteater'), ('B2_condition', 'Animals'), ('B2_correct', 'f'), ('sig_volume', 0.0)])
15.1477 	EXP 	Set  sound=A
15.1692 	EXP 	Sound  started
15.1683 	EXP 	B2_stim_text: autoDraw = False
15.1683 	EXP 	B2_fixation: autoDraw = False
15.1683 	EXP 	B2_stim_text: text = 'Anteater'
15.6683 	EXP 	B2_fixation: autoDraw = True
16.1353 	EXP 	Sound  stopped
16.1519 	EXP 	B2_fixation: autoDraw = False
16.1683 	EXP 	B2_stim_text: autoDraw = True
17.6355 	EXP 	Sound  stopped
17.6358 	EXP 	New trial (rep=0, index=2): OrderedDict([('B2_stim', 'Aardvark'), ('B2_condition', 'Animals'), ('B2_correct', 'f'), ('sig_volume', 1.0)])
17.6489 	EXP 	Set  sound=A
17.6689 	EXP 	Sound  started
17.6682 	EXP 	B2_stim_text: autoDraw = False
17.6682 	EXP 	B2_fixation: autoDraw = False
17.6682 	EXP 	B2_stim_text: text = 'Aardvark'
18.1683 	EXP 	B2_fixation: autoDraw = True
18.6350 	EXP 	Sound  stopped
18.6515 	EXP 	B2_fixation: autoDraw = False
18.6682 	EXP 	B2_stim_text: autoDraw = True
20.1356 	EXP 	Sound  stopped
20.1358 	EXP 	New trial (rep=0, index=3): OrderedDict([('B2_stim', 'Alligator'), ('B2_condition', 'Animals'), ('B2_correct', 'f'), ('sig_volume', 0.0)])
20.1471 	EXP 	Set  sound=A
20.1690 	EXP 	Sound  started
20.1682 	EXP 	B2_stim_text: autoDraw = False
20.1682 	EXP 	B2_fixation: autoDraw = False
20.1682 	EXP 	B2_stim_text: text = 'Alligator'
20.6683 	EXP 	B2_fixation: autoDraw = True
21.1349 	EXP 	Sound  stopped
21.1514 	EXP 	B2_fixation: autoDraw = False
21.1681 	EXP 	B2_stim_text: autoDraw = True
21.9563 	DATA 	Keypress: escape
22.1233 	EXP 	window1: mouseVisible = True
