6.8868 	WARNING 	User requested fullscreen with size [1440  900], but screen is actually [2880, 1800]. Using actual size
7.8838 	EXP 	Created window1 = Window(allowGUI=False, allowStencil=False, args=UNKNOWN, autoLog=True, bitsMode=UNKNOWN, blendMode='avg', color=array([0., 0., 0.]), colorSpace='hsv', fullscr=<method-wrapper '__getattribute__' of attributeSetter object at 0x00000274CA90A5F8>, gamma=None, kwargs=UNKNOWN, lms=UNKNOWN, monitor=<psychopy.monitors.calibTools.Monitor object at 0x00000274CA942320>, multiSample=False, name='window1', numSamples=2, pos=[0.0, 0.0], screen=0, size=array([2880, 1800]), stereo=False, units='height', useFBO=True, useRetina=False, viewOri=0.0, viewPos=None, viewScale=None, waitBlanking=True, winType='pyglet')
7.8839 	EXP 	window1: recordFrameIntervals = False
8.0500 	EXP 	window1: recordFrameIntervals = True
8.2335 	EXP 	window1: recordFrameIntervals = False
8.4948 	EXP 	Created instr_text = TextStim(__class__=<class 'psychopy.visual.text.TextStim'>, alignHoriz='center', alignVert='center', antialias=True, autoLog=True, bold=False, color='white', colorSpace='named', contrast=1.0, depth=0.0, flipHoriz=False, flipVert=False, font='Arial', fontFiles=[], height=0.05, italic=False, languageStyle='LTR', name='instr_text', opacity=1.0, ori=0, pos=array([0., 0.]), rgb=array([255., 255., 255.]), text='default text', units='height', win=Window(...), wrapWidth=1)
8.4982 	EXP 	Created cont_text = TextStim(__class__=<class 'psychopy.visual.text.TextStim'>, alignHoriz='center', alignVert='center', antialias=True, autoLog=True, bold=False, color='white', colorSpace='named', contrast=1.0, depth=-2.0, flipHoriz=False, flipVert=False, font='Arial', fontFiles=[], height=0.05, italic=False, languageStyle='LTR', name='cont_text', opacity=1.0, ori=0, pos=array([ 0. , -0.4]), rgb=array([255., 255., 255.]), text='default text', units='height', win=Window(...), wrapWidth=1)
8.5682 	EXP 	Created fixation_cross = TextStim(__class__=<class 'psychopy.visual.text.TextStim'>, alignHoriz='center', alignVert='center', antialias=True, autoLog=True, bold=False, color='white', colorSpace='named', contrast=1.0, depth=0.0, flipHoriz=False, flipVert=False, font='Arial', fontFiles=[], height=0.15, italic=False, languageStyle='LTR', name='fixation_cross', opacity=1.0, ori=0, pos=array([0., 0.]), rgb=array([255., 255., 255.]), text='+', units='height', win=Window(...), wrapWidth=1)
8.5840 	EXP 	Created fix_cue_text = TextStim(__class__=<class 'psychopy.visual.text.TextStim'>, alignHoriz='center', alignVert='center', antialias=True, autoLog=True, bold=False, color='white', colorSpace='named', contrast=1.0, depth=-1.0, flipHoriz=False, flipVert=False, font='Arial', fontFiles=[], height=0.05, italic=False, languageStyle='LTR', name='fix_cue_text', opacity=1.0, ori=0, pos=array([ 0.  , -0.45]), rgb=array([255., 255., 255.]), text='F = Animal  J = Not Animal', units='height', win=Window(...), wrapWidth=1)
8.6121 	EXP 	Created B1_stim_txt = TextStim(__class__=<class 'psychopy.visual.text.TextStim'>, alignHoriz='center', alignVert='center', antialias=True, autoLog=True, bold=False, color='white', colorSpace='named', contrast=1.0, depth=0.0, flipHoriz=False, flipVert=False, font='Arial', fontFiles=[], height=0.1, italic=False, languageStyle='LTR', name='B1_stim_txt', opacity=1.0, ori=0, pos=array([0., 0.]), rgb=array([255., 255., 255.]), text='default text', units='height', win=Window(...), wrapWidth=1)
8.6186 	EXP 	Created B1_trial_cue_text = TextStim(__class__=<class 'psychopy.visual.text.TextStim'>, alignHoriz='center', alignVert='center', antialias=True, autoLog=True, bold=False, color='white', colorSpace='named', contrast=1.0, depth=-3.0, flipHoriz=False, flipVert=False, font='Arial', fontFiles=[], height=0.05, italic=False, languageStyle='LTR', name='B1_trial_cue_text', opacity=1.0, ori=0, pos=array([ 0.  , -0.45]), rgb=array([255., 255., 255.]), text='F = Animal  J = Not Animal', units='height', win=Window(...), wrapWidth=1)
8.6218 	EXP 	Created B2_instr_txt = TextStim(__class__=<class 'psychopy.visual.text.TextStim'>, alignHoriz='center', alignVert='center', antialias=True, autoLog=True, bold=False, color='white', colorSpace='named', contrast=1.0, depth=0.0, flipHoriz=False, flipVert=False, font='Arial', fontFiles=[], height=0.05, italic=False, languageStyle='LTR', name='B2_instr_txt', opacity=1.0, ori=0, pos=array([0., 0.]), rgb=array([255., 255., 255.]), text='default text', units='height', win=Window(...), wrapWidth=1)
8.6250 	EXP 	Created B2_cont_txt = TextStim(__class__=<class 'psychopy.visual.text.TextStim'>, alignHoriz='center', alignVert='center', antialias=True, autoLog=True, bold=False, color='white', colorSpace='named', contrast=1.0, depth=-2.0, flipHoriz=False, flipVert=False, font='Arial', fontFiles=[], height=0.05, italic=False, languageStyle='LTR', name='B2_cont_txt', opacity=1.0, ori=0, pos=array([ 0. , -0.4]), rgb=array([255., 255., 255.]), text='default text', units='height', win=Window(...), wrapWidth=1)
8.6268 	EXP 	Created fixation_cross = TextStim(__class__=<class 'psychopy.visual.text.TextStim'>, alignHoriz='center', alignVert='center', antialias=True, autoLog=True, bold=False, color='white', colorSpace='named', contrast=1.0, depth=0.0, flipHoriz=False, flipVert=False, font='Arial', fontFiles=[], height=0.15, italic=False, languageStyle='LTR', name='fixation_cross', opacity=1.0, ori=0, pos=array([0., 0.]), rgb=array([255., 255., 255.]), text='+', units='height', win=Window(...), wrapWidth=1)
8.6333 	EXP 	Created fix_cue_text = TextStim(__class__=<class 'psychopy.visual.text.TextStim'>, alignHoriz='center', alignVert='center', antialias=True, autoLog=True, bold=False, color='white', colorSpace='named', contrast=1.0, depth=-1.0, flipHoriz=False, flipVert=False, font='Arial', fontFiles=[], height=0.05, italic=False, languageStyle='LTR', name='fix_cue_text', opacity=1.0, ori=0, pos=array([ 0.  , -0.45]), rgb=array([255., 255., 255.]), text='F = Animal  J = Not Animal', units='height', win=Window(...), wrapWidth=1)
8.6378 	EXP 	Created B2_stim_text = TextStim(__class__=<class 'psychopy.visual.text.TextStim'>, alignHoriz='center', alignVert='center', antialias=True, autoLog=True, bold=False, color='white', colorSpace='named', contrast=1.0, depth=0.0, flipHoriz=False, flipVert=False, font='Arial', fontFiles=[], height=0.1, italic=False, languageStyle='LTR', name='B2_stim_text', opacity=1.0, ori=0, pos=array([0., 0.]), rgb=array([255., 255., 255.]), text='default text', units='height', win=Window(...), wrapWidth=1)
9.4088 	EXP 	Set  sound=C
9.4168 	EXP 	Set  sound=A
9.4168 	EXP 	Sound  set volume 1.000
9.4251 	EXP 	Created B2_trial_cue_text = TextStim(__class__=<class 'psychopy.visual.text.TextStim'>, alignHoriz='center', alignVert='center', antialias=True, autoLog=True, bold=False, color='white', colorSpace='named', contrast=1.0, depth=-4.0, flipHoriz=False, flipVert=False, font='Arial', fontFiles=[], height=0.05, italic=False, languageStyle='LTR', name='B2_trial_cue_text', opacity=1.0, ori=0, pos=array([ 0.  , -0.45]), rgb=array([255., 255., 255.]), text='F = Animal  J = Not Animal', units='height', win=Window(...), wrapWidth=1)
9.4504 	EXP 	Created thanks_txt = TextStim(__class__=<class 'psychopy.visual.text.TextStim'>, alignHoriz='center', alignVert='center', antialias=True, autoLog=True, bold=False, color='white', colorSpace='named', contrast=1.0, depth=0.0, flipHoriz=False, flipVert=False, font='Arial', fontFiles=[], height=0.05, italic=False, languageStyle='LTR', name='thanks_txt', opacity=1.0, ori=0, pos=array([0., 0.]), rgb=array([255., 255., 255.]), text='Good work!\n\nYou have finished this task. ', units='height', win=Window(...), wrapWidth=1)
9.4666 	EXP 	Created thanks_cont_text = TextStim(__class__=<class 'psychopy.visual.text.TextStim'>, alignHoriz='center', alignVert='center', antialias=True, autoLog=True, bold=False, color='white', colorSpace='named', contrast=1.0, depth=-2.0, flipHoriz=False, flipVert=False, font='Arial', fontFiles=[], height=0.05, italic=False, languageStyle='LTR', name='thanks_cont_text', opacity=1.0, ori=0, pos=array([ 0. , -0.4]), rgb=array([255., 255., 255.]), text='Press SPACE to continue.', units='height', win=Window(...), wrapWidth=1)
9.4946 	EXP 	Imported SST_Instr.xlsx as conditions, 3 conditions, 3 params
9.4948 	EXP 	Created sequence: sequential, trialTypes=3, nReps=1, seed=None
9.4950 	EXP 	New trial (rep=0, index=0): OrderedDict([('index', 0), ('instr_txt', 'During this task, you will see words appear in the middle of the screen. '), ('cont_txt', 'Press SPACE for more instructions.')])
9.5833 	EXP 	instr_text: text = 'During this task, you will see words appear in the middle of the screen. '
9.5833 	EXP 	cont_text: text = 'Press SPACE for more instructions.'
9.5833 	EXP 	instr_text: autoDraw = True
9.5833 	EXP 	cont_text: autoDraw = True
11.7747 	DATA 	Keypress: space
11.7870 	EXP 	New trial (rep=0, index=1): OrderedDict([('index', 1), ('instr_txt', 'Decide whether the word is an animal or not an animal.\n\nIf the word is an animal, press the "F" key.\nIf the word is not an animal, press the "J" key.'), ('cont_txt', 'Press SPACE for more instructions.')])
11.8665 	EXP 	instr_text: autoDraw = False
11.8665 	EXP 	cont_text: autoDraw = False
11.8665 	EXP 	instr_text: text = 'Decide whether the word is an animal or not an animal.\n\nIf the word is an animal, press the "F" key.\nIf the word is not an animal, press the "J" key.'
11.8665 	EXP 	cont_text: text = 'Press SPACE for more instructions.'
11.8665 	EXP 	instr_text: autoDraw = True
11.8665 	EXP 	cont_text: autoDraw = True
22.1699 	EXP 	New trial (rep=0, index=2): OrderedDict([('index', 2), ('instr_txt', 'Make your choice as fast as possible, as the words will keep coming.\n\nDo your best.'), ('cont_txt', 'Press SPACE to begin.')])
22.2174 	DATA 	Keypress: space
22.2331 	EXP 	instr_text: autoDraw = False
22.2331 	EXP 	cont_text: autoDraw = False
22.2331 	EXP 	instr_text: text = 'Make your choice as fast as possible, as the words will keep coming.\n\nDo your best.'
22.2331 	EXP 	cont_text: text = 'Press SPACE to begin.'
22.2331 	EXP 	instr_text: autoDraw = True
22.2331 	EXP 	cont_text: autoDraw = True
26.4048 	DATA 	Keypress: space
26.4280 	EXP 	Imported SST_B1.xlsx as conditions, 24 conditions, 4 params
26.4283 	EXP 	Created sequence: random, trialTypes=24, nReps=1, seed=None
26.4285 	EXP 	New trial (rep=0, index=0): OrderedDict([('index', 8), ('B1_stim', 'Sea Lion'), ('B1_condition', 'Animals'), ('B1_correct', 'f')])
26.4496 	EXP 	instr_text: autoDraw = False
26.4496 	EXP 	cont_text: autoDraw = False
26.4496 	EXP 	fix_cue_text: autoDraw = True
27.4493 	EXP 	fixation_cross: autoDraw = True
27.9494 	EXP 	fixation_cross: autoDraw = False
27.9494 	EXP 	fix_cue_text: autoDraw = False
27.9494 	EXP 	fixation_cross: autoDraw = False
27.9494 	EXP 	fix_cue_text: autoDraw = False
27.9494 	EXP 	B1_stim_txt: text = 'Sea Lion'
27.9494 	EXP 	B1_stim_txt: autoDraw = True
27.9494 	EXP 	B1_trial_cue_text: autoDraw = True
29.4189 	EXP 	New trial (rep=0, index=1): OrderedDict([('index', 4), ('B1_stim', 'Moose'), ('B1_condition', 'Animals'), ('B1_correct', 'f')])
29.4330 	EXP 	B1_stim_txt: autoDraw = False
29.4330 	EXP 	B1_trial_cue_text: autoDraw = False
29.4330 	EXP 	B1_stim_txt: autoDraw = False
29.4330 	EXP 	B1_trial_cue_text: autoDraw = False
29.4330 	EXP 	fix_cue_text: autoDraw = True
30.4495 	EXP 	fixation_cross: autoDraw = True
30.9497 	EXP 	fixation_cross: autoDraw = False
30.9497 	EXP 	fix_cue_text: autoDraw = False
30.9497 	EXP 	fixation_cross: autoDraw = False
30.9497 	EXP 	fix_cue_text: autoDraw = False
30.9497 	EXP 	B1_stim_txt: text = 'Moose'
30.9497 	EXP 	B1_stim_txt: autoDraw = True
30.9497 	EXP 	B1_trial_cue_text: autoDraw = True
32.4190 	EXP 	New trial (rep=0, index=2): OrderedDict([('index', 22), ('B1_stim', 'Drill'), ('B1_condition', 'Nonanimals'), ('B1_correct', 'j')])
32.4329 	EXP 	B1_stim_txt: autoDraw = False
32.4329 	EXP 	B1_trial_cue_text: autoDraw = False
32.4329 	EXP 	B1_stim_txt: autoDraw = False
32.4329 	EXP 	B1_trial_cue_text: autoDraw = False
32.4329 	EXP 	fix_cue_text: autoDraw = True
32.5523 	DATA 	Keypress: escape
32.7721 	EXP 	window1: mouseVisible = True
