6.2396 	WARNING 	User requested fullscreen with size [1440  900], but screen is actually [2880, 1800]. Using actual size
7.1444 	EXP 	Created window1 = Window(allowGUI=False, allowStencil=False, args=UNKNOWN, autoLog=True, bitsMode=UNKNOWN, blendMode='avg', color=array([0., 0., 0.]), colorSpace='hsv', fullscr=<method-wrapper '__getattribute__' of attributeSetter object at 0x000002828681A5F8>, gamma=None, kwargs=UNKNOWN, lms=UNKNOWN, monitor=<psychopy.monitors.calibTools.Monitor object at 0x0000028286852320>, multiSample=False, name='window1', numSamples=2, pos=[0.0, 0.0], screen=0, size=array([2880, 1800]), stereo=False, units='height', useFBO=True, useRetina=False, viewOri=0.0, viewPos=None, viewScale=None, waitBlanking=True, winType='pyglet')
7.1445 	EXP 	window1: recordFrameIntervals = False
7.3107 	EXP 	window1: recordFrameIntervals = True
7.4941 	EXP 	window1: recordFrameIntervals = False
7.7518 	EXP 	Created instr_text = TextStim(__class__=<class 'psychopy.visual.text.TextStim'>, alignHoriz='center', alignVert='center', antialias=True, autoLog=True, bold=False, color='white', colorSpace='named', contrast=1.0, depth=0.0, flipHoriz=False, flipVert=False, font='Arial', fontFiles=[], height=0.05, italic=False, languageStyle='LTR', name='instr_text', opacity=1.0, ori=0, pos=array([0., 0.]), rgb=array([255., 255., 255.]), text='default text', units='height', win=Window(...), wrapWidth=1)
7.7552 	EXP 	Created cont_text = TextStim(__class__=<class 'psychopy.visual.text.TextStim'>, alignHoriz='center', alignVert='center', antialias=True, autoLog=True, bold=False, color='white', colorSpace='named', contrast=1.0, depth=-2.0, flipHoriz=False, flipVert=False, font='Arial', fontFiles=[], height=0.05, italic=False, languageStyle='LTR', name='cont_text', opacity=1.0, ori=0, pos=array([ 0. , -0.4]), rgb=array([255., 255., 255.]), text='default text', units='height', win=Window(...), wrapWidth=1)
7.8250 	EXP 	Created fixation_cross = TextStim(__class__=<class 'psychopy.visual.text.TextStim'>, alignHoriz='center', alignVert='center', antialias=True, autoLog=True, bold=False, color='white', colorSpace='named', contrast=1.0, depth=0.0, flipHoriz=False, flipVert=False, font='Arial', fontFiles=[], height=0.15, italic=False, languageStyle='LTR', name='fixation_cross', opacity=1.0, ori=0, pos=array([0., 0.]), rgb=array([255., 255., 255.]), text='+', units='height', win=Window(...), wrapWidth=1)
7.8410 	EXP 	Created fix_cue_text = TextStim(__class__=<class 'psychopy.visual.text.TextStim'>, alignHoriz='center', alignVert='center', antialias=True, autoLog=True, bold=False, color='white', colorSpace='named', contrast=1.0, depth=-1.0, flipHoriz=False, flipVert=False, font='Arial', fontFiles=[], height=0.05, italic=False, languageStyle='LTR', name='fix_cue_text', opacity=1.0, ori=0, pos=array([ 0.  , -0.45]), rgb=array([255., 255., 255.]), text='F = Animal  J = Not Animal', units='height', win=Window(...), wrapWidth=1)
7.8693 	EXP 	Created B1_stim_txt = TextStim(__class__=<class 'psychopy.visual.text.TextStim'>, alignHoriz='center', alignVert='center', antialias=True, autoLog=True, bold=False, color='white', colorSpace='named', contrast=1.0, depth=0.0, flipHoriz=False, flipVert=False, font='Arial', fontFiles=[], height=0.1, italic=False, languageStyle='LTR', name='B1_stim_txt', opacity=1.0, ori=0, pos=array([0., 0.]), rgb=array([255., 255., 255.]), text='default text', units='height', win=Window(...), wrapWidth=1)
7.8768 	EXP 	Created B1_trial_cue_text = TextStim(__class__=<class 'psychopy.visual.text.TextStim'>, alignHoriz='center', alignVert='center', antialias=True, autoLog=True, bold=False, color='white', colorSpace='named', contrast=1.0, depth=-3.0, flipHoriz=False, flipVert=False, font='Arial', fontFiles=[], height=0.05, italic=False, languageStyle='LTR', name='B1_trial_cue_text', opacity=1.0, ori=0, pos=array([ 0.  , -0.45]), rgb=array([255., 255., 255.]), text='F = Animal  J = Not Animal', units='height', win=Window(...), wrapWidth=1)
7.8801 	EXP 	Created B2_instr_txt = TextStim(__class__=<class 'psychopy.visual.text.TextStim'>, alignHoriz='center', alignVert='center', antialias=True, autoLog=True, bold=False, color='white', colorSpace='named', contrast=1.0, depth=0.0, flipHoriz=False, flipVert=False, font='Arial', fontFiles=[], height=0.05, italic=False, languageStyle='LTR', name='B2_instr_txt', opacity=1.0, ori=0, pos=array([0., 0.]), rgb=array([255., 255., 255.]), text='default text', units='height', win=Window(...), wrapWidth=1)
7.8833 	EXP 	Created B2_cont_txt = TextStim(__class__=<class 'psychopy.visual.text.TextStim'>, alignHoriz='center', alignVert='center', antialias=True, autoLog=True, bold=False, color='white', colorSpace='named', contrast=1.0, depth=-2.0, flipHoriz=False, flipVert=False, font='Arial', fontFiles=[], height=0.05, italic=False, languageStyle='LTR', name='B2_cont_txt', opacity=1.0, ori=0, pos=array([ 0. , -0.4]), rgb=array([255., 255., 255.]), text='default text', units='height', win=Window(...), wrapWidth=1)
7.8851 	EXP 	Created fixation_cross = TextStim(__class__=<class 'psychopy.visual.text.TextStim'>, alignHoriz='center', alignVert='center', antialias=True, autoLog=True, bold=False, color='white', colorSpace='named', contrast=1.0, depth=0.0, flipHoriz=False, flipVert=False, font='Arial', fontFiles=[], height=0.15, italic=False, languageStyle='LTR', name='fixation_cross', opacity=1.0, ori=0, pos=array([0., 0.]), rgb=array([255., 255., 255.]), text='+', units='height', win=Window(...), wrapWidth=1)
7.8918 	EXP 	Created fix_cue_text = TextStim(__class__=<class 'psychopy.visual.text.TextStim'>, alignHoriz='center', alignVert='center', antialias=True, autoLog=True, bold=False, color='white', colorSpace='named', contrast=1.0, depth=-1.0, flipHoriz=False, flipVert=False, font='Arial', fontFiles=[], height=0.05, italic=False, languageStyle='LTR', name='fix_cue_text', opacity=1.0, ori=0, pos=array([ 0.  , -0.45]), rgb=array([255., 255., 255.]), text='F = Animal  J = Not Animal', units='height', win=Window(...), wrapWidth=1)
7.8964 	EXP 	Created B2_stim_text = TextStim(__class__=<class 'psychopy.visual.text.TextStim'>, alignHoriz='center', alignVert='center', antialias=True, autoLog=True, bold=False, color='white', colorSpace='named', contrast=1.0, depth=0.0, flipHoriz=False, flipVert=False, font='Arial', fontFiles=[], height=0.1, italic=False, languageStyle='LTR', name='B2_stim_text', opacity=1.0, ori=0, pos=array([0., 0.]), rgb=array([255., 255., 255.]), text='default text', units='height', win=Window(...), wrapWidth=1)
8.6222 	EXP 	Set  sound=C
8.6303 	EXP 	Set  sound=A
8.6303 	EXP 	Sound  set volume 1.000
8.6379 	EXP 	Created B2_trial_cue_text = TextStim(__class__=<class 'psychopy.visual.text.TextStim'>, alignHoriz='center', alignVert='center', antialias=True, autoLog=True, bold=False, color='white', colorSpace='named', contrast=1.0, depth=-4.0, flipHoriz=False, flipVert=False, font='Arial', fontFiles=[], height=0.05, italic=False, languageStyle='LTR', name='B2_trial_cue_text', opacity=1.0, ori=0, pos=array([ 0.  , -0.45]), rgb=array([255., 255., 255.]), text='F = Animal  J = Not Animal', units='height', win=Window(...), wrapWidth=1)
8.6617 	EXP 	Created thanks_txt = TextStim(__class__=<class 'psychopy.visual.text.TextStim'>, alignHoriz='center', alignVert='center', antialias=True, autoLog=True, bold=False, color='white', colorSpace='named', contrast=1.0, depth=0.0, flipHoriz=False, flipVert=False, font='Arial', fontFiles=[], height=0.05, italic=False, languageStyle='LTR', name='thanks_txt', opacity=1.0, ori=0, pos=array([0., 0.]), rgb=array([255., 255., 255.]), text='Good work!\n\nYou have finished this task. ', units='height', win=Window(...), wrapWidth=1)
8.6774 	EXP 	Created thanks_cont_text = TextStim(__class__=<class 'psychopy.visual.text.TextStim'>, alignHoriz='center', alignVert='center', antialias=True, autoLog=True, bold=False, color='white', colorSpace='named', contrast=1.0, depth=-2.0, flipHoriz=False, flipVert=False, font='Arial', fontFiles=[], height=0.05, italic=False, languageStyle='LTR', name='thanks_cont_text', opacity=1.0, ori=0, pos=array([ 0. , -0.4]), rgb=array([255., 255., 255.]), text='Press SPACE to continue.', units='height', win=Window(...), wrapWidth=1)
8.7052 	EXP 	Imported SST_Instr.xlsx as conditions, 3 conditions, 3 params
8.7054 	EXP 	Created sequence: sequential, trialTypes=3, nReps=1, seed=None
8.7057 	EXP 	New trial (rep=0, index=0): OrderedDict([('index', 0), ('instr_txt', 'During this task, words will appear on the screen. '), ('cont_txt', 'Press SPACE for more instructions.')])
8.7773 	EXP 	instr_text: text = 'During this task, words will appear on the screen. '
8.7773 	EXP 	cont_text: text = 'Press SPACE for more instructions.'
8.7773 	EXP 	instr_text: autoDraw = True
8.7773 	EXP 	cont_text: autoDraw = True
16.4817 	EXP 	New trial (rep=0, index=1): OrderedDict([('index', 1), ('instr_txt', 'Decide if the word is an animal or not.\n\nIf the word is an animal, press "F"\nIf the word is not an animal, press "J"'), ('cont_txt', 'Press SPACE for more instructions.')])
16.5341 	DATA 	Keypress: space
16.5440 	EXP 	instr_text: autoDraw = False
16.5440 	EXP 	cont_text: autoDraw = False
16.5440 	EXP 	instr_text: text = 'Decide if the word is an animal or not.\n\nIf the word is an animal, press "F"\nIf the word is not an animal, press "J"'
16.5440 	EXP 	cont_text: text = 'Press SPACE for more instructions.'
16.5440 	EXP 	instr_text: autoDraw = True
16.5440 	EXP 	cont_text: autoDraw = True
27.2483 	EXP 	New trial (rep=0, index=2): OrderedDict([('index', 2), ('instr_txt', 'Make your choice as fast as possible.\n\nOnce the task has started, the words will keep coming.\n\nDo your best.'), ('cont_txt', 'Press SPACE to begin.')])
27.3091 	DATA 	Keypress: space
27.3269 	EXP 	instr_text: autoDraw = False
27.3269 	EXP 	cont_text: autoDraw = False
27.3269 	EXP 	instr_text: text = 'Make your choice as fast as possible.\n\nOnce the task has started, the words will keep coming.\n\nDo your best.'
27.3269 	EXP 	cont_text: text = 'Press SPACE to begin.'
27.3269 	EXP 	instr_text: autoDraw = True
27.3269 	EXP 	cont_text: autoDraw = True
46.5881 	EXP 	Imported SST_B1.xlsx as conditions, 24 conditions, 4 params
46.5883 	EXP 	Created sequence: random, trialTypes=24, nReps=1, seed=None
46.5886 	EXP 	New trial (rep=0, index=0): OrderedDict([('index', 4), ('B1_stim', 'Moose'), ('B1_condition', 'Animals'), ('B1_correct', 'f')])
46.5912 	DATA 	Keypress: space
46.6102 	EXP 	instr_text: autoDraw = False
46.6102 	EXP 	cont_text: autoDraw = False
46.6102 	EXP 	fix_cue_text: autoDraw = True
47.6096 	EXP 	fixation_cross: autoDraw = True
48.1096 	EXP 	fixation_cross: autoDraw = False
48.1096 	EXP 	fix_cue_text: autoDraw = False
48.1096 	EXP 	fixation_cross: autoDraw = False
48.1096 	EXP 	fix_cue_text: autoDraw = False
48.1096 	EXP 	B1_stim_txt: text = 'Moose'
48.1096 	EXP 	B1_stim_txt: autoDraw = True
48.1096 	EXP 	B1_trial_cue_text: autoDraw = True
49.5790 	EXP 	New trial (rep=0, index=1): OrderedDict([('index', 2), ('B1_stim', 'Frog'), ('B1_condition', 'Animals'), ('B1_correct', 'f')])
49.5932 	EXP 	B1_stim_txt: autoDraw = False
49.5932 	EXP 	B1_trial_cue_text: autoDraw = False
49.5932 	EXP 	B1_stim_txt: autoDraw = False
49.5932 	EXP 	B1_trial_cue_text: autoDraw = False
49.5932 	EXP 	fix_cue_text: autoDraw = True
49.7284 	DATA 	Keypress: escape
49.9986 	EXP 	window1: mouseVisible = True
