9.7325 	WARNING 	User requested fullscreen with size [1440  900], but screen is actually [2880, 1800]. Using actual size
10.6805 	EXP 	Created window1 = Window(allowGUI=False, allowStencil=False, args=UNKNOWN, autoLog=True, bitsMode=UNKNOWN, blendMode='avg', color=array([0., 0., 0.]), colorSpace='rgb', fullscr=<method-wrapper '__getattribute__' of attributeSetter object at 0x00000295E20876A0>, gamma=None, kwargs=UNKNOWN, lms=UNKNOWN, monitor=<psychopy.monitors.calibTools.Monitor object at 0x00000295EF1A53C8>, multiSample=False, name='window1', numSamples=2, pos=[0.0, 0.0], screen=0, size=array([2880, 1800]), stereo=False, units='height', useFBO=True, useRetina=False, viewOri=0.0, viewPos=None, viewScale=None, waitBlanking=True, winType='pyglet')
10.6805 	EXP 	window1: recordFrameIntervals = False
10.8466 	EXP 	window1: recordFrameIntervals = True
11.0301 	EXP 	window1: recordFrameIntervals = False
11.3138 	EXP 	Created instr_text = TextStim(__class__=<class 'psychopy.visual.text.TextStim'>, alignHoriz='center', alignVert='center', antialias=True, autoLog=True, bold=False, color='white', colorSpace='named', contrast=1.0, depth=0.0, flipHoriz=False, flipVert=False, font='Arial', fontFiles=[], height=0.05, italic=False, languageStyle='LTR', name='instr_text', opacity=1.0, ori=0, pos=array([0., 0.]), rgb=array([255., 255., 255.]), text='default text', units='height', win=Window(...), wrapWidth=1)
11.3172 	EXP 	Created cont_text = TextStim(__class__=<class 'psychopy.visual.text.TextStim'>, alignHoriz='center', alignVert='center', antialias=True, autoLog=True, bold=False, color='white', colorSpace='named', contrast=1.0, depth=-2.0, flipHoriz=False, flipVert=False, font='Arial', fontFiles=[], height=0.05, italic=False, languageStyle='LTR', name='cont_text', opacity=1.0, ori=0, pos=array([ 0. , -0.4]), rgb=array([255., 255., 255.]), text='default text', units='height', win=Window(...), wrapWidth=1)
11.3883 	EXP 	Created fixation_cross = TextStim(__class__=<class 'psychopy.visual.text.TextStim'>, alignHoriz='center', alignVert='center', antialias=True, autoLog=True, bold=False, color='white', colorSpace='named', contrast=1.0, depth=0.0, flipHoriz=False, flipVert=False, font='Arial', fontFiles=[], height=0.15, italic=False, languageStyle='LTR', name='fixation_cross', opacity=1.0, ori=0, pos=array([0., 0.]), rgb=array([255., 255., 255.]), text='+', units='height', win=Window(...), wrapWidth=1)
11.4051 	EXP 	Created fix_cue_text = TextStim(__class__=<class 'psychopy.visual.text.TextStim'>, alignHoriz='center', alignVert='center', antialias=True, autoLog=True, bold=False, color='white', colorSpace='named', contrast=1.0, depth=-1.0, flipHoriz=False, flipVert=False, font='Arial', fontFiles=[], height=0.05, italic=False, languageStyle='LTR', name='fix_cue_text', opacity=1.0, ori=0, pos=array([ 0.  , -0.45]), rgb=array([255., 255., 255.]), text='F = Animal  J = Not Animal', units='height', win=Window(...), wrapWidth=1)
11.4342 	EXP 	Created B1_stim_txt = TextStim(__class__=<class 'psychopy.visual.text.TextStim'>, alignHoriz='center', alignVert='center', antialias=True, autoLog=True, bold=False, color='white', colorSpace='named', contrast=1.0, depth=0.0, flipHoriz=False, flipVert=False, font='Arial', fontFiles=[], height=0.1, italic=False, languageStyle='LTR', name='B1_stim_txt', opacity=1.0, ori=0, pos=array([0., 0.]), rgb=array([255., 255., 255.]), text='default text', units='height', win=Window(...), wrapWidth=1)
11.4410 	EXP 	Created B1_trial_cue_text = TextStim(__class__=<class 'psychopy.visual.text.TextStim'>, alignHoriz='center', alignVert='center', antialias=True, autoLog=True, bold=False, color='white', colorSpace='named', contrast=1.0, depth=-3.0, flipHoriz=False, flipVert=False, font='Arial', fontFiles=[], height=0.05, italic=False, languageStyle='LTR', name='B1_trial_cue_text', opacity=1.0, ori=0, pos=array([ 0.  , -0.45]), rgb=array([255., 255., 255.]), text='F = Animal  J = Not Animal', units='height', win=Window(...), wrapWidth=1)
11.4443 	EXP 	Created B2_instr_txt = TextStim(__class__=<class 'psychopy.visual.text.TextStim'>, alignHoriz='center', alignVert='center', antialias=True, autoLog=True, bold=False, color='white', colorSpace='named', contrast=1.0, depth=0.0, flipHoriz=False, flipVert=False, font='Arial', fontFiles=[], height=0.05, italic=False, languageStyle='LTR', name='B2_instr_txt', opacity=1.0, ori=0, pos=array([0., 0.]), rgb=array([255., 255., 255.]), text='default text', units='height', win=Window(...), wrapWidth=1)
11.4477 	EXP 	Created B2_cont_txt = TextStim(__class__=<class 'psychopy.visual.text.TextStim'>, alignHoriz='center', alignVert='center', antialias=True, autoLog=True, bold=False, color='white', colorSpace='named', contrast=1.0, depth=-2.0, flipHoriz=False, flipVert=False, font='Arial', fontFiles=[], height=0.05, italic=False, languageStyle='LTR', name='B2_cont_txt', opacity=1.0, ori=0, pos=array([ 0. , -0.4]), rgb=array([255., 255., 255.]), text='default text', units='height', win=Window(...), wrapWidth=1)
11.4495 	EXP 	Created fixation_cross = TextStim(__class__=<class 'psychopy.visual.text.TextStim'>, alignHoriz='center', alignVert='center', antialias=True, autoLog=True, bold=False, color='white', colorSpace='named', contrast=1.0, depth=0.0, flipHoriz=False, flipVert=False, font='Arial', fontFiles=[], height=0.15, italic=False, languageStyle='LTR', name='fixation_cross', opacity=1.0, ori=0, pos=array([0., 0.]), rgb=array([255., 255., 255.]), text='+', units='height', win=Window(...), wrapWidth=1)
11.4562 	EXP 	Created fix_cue_text = TextStim(__class__=<class 'psychopy.visual.text.TextStim'>, alignHoriz='center', alignVert='center', antialias=True, autoLog=True, bold=False, color='white', colorSpace='named', contrast=1.0, depth=-1.0, flipHoriz=False, flipVert=False, font='Arial', fontFiles=[], height=0.05, italic=False, languageStyle='LTR', name='fix_cue_text', opacity=1.0, ori=0, pos=array([ 0.  , -0.45]), rgb=array([255., 255., 255.]), text='F = Animal  J = Not Animal', units='height', win=Window(...), wrapWidth=1)
11.4609 	EXP 	Created B2_stim_text = TextStim(__class__=<class 'psychopy.visual.text.TextStim'>, alignHoriz='center', alignVert='center', antialias=True, autoLog=True, bold=False, color='white', colorSpace='named', contrast=1.0, depth=0.0, flipHoriz=False, flipVert=False, font='Arial', fontFiles=[], height=0.1, italic=False, languageStyle='LTR', name='B2_stim_text', opacity=1.0, ori=0, pos=array([0., 0.]), rgb=array([255., 255., 255.]), text='default text', units='height', win=Window(...), wrapWidth=1)
12.2067 	EXP 	Set  sound=C
12.2162 	EXP 	Set  sound=A
12.2162 	EXP 	Sound  set volume 1.000
12.2246 	EXP 	Created B2_trial_cue_text = TextStim(__class__=<class 'psychopy.visual.text.TextStim'>, alignHoriz='center', alignVert='center', antialias=True, autoLog=True, bold=False, color='white', colorSpace='named', contrast=1.0, depth=-4.0, flipHoriz=False, flipVert=False, font='Arial', fontFiles=[], height=0.05, italic=False, languageStyle='LTR', name='B2_trial_cue_text', opacity=1.0, ori=0, pos=array([ 0.  , -0.45]), rgb=array([255., 255., 255.]), text='F = Animal  J = Not Animal', units='height', win=Window(...), wrapWidth=1)
12.2507 	EXP 	Created thanks_txt = TextStim(__class__=<class 'psychopy.visual.text.TextStim'>, alignHoriz='center', alignVert='center', antialias=True, autoLog=True, bold=False, color='white', colorSpace='named', contrast=1.0, depth=0.0, flipHoriz=False, flipVert=False, font='Arial', fontFiles=[], height=0.05, italic=False, languageStyle='LTR', name='thanks_txt', opacity=1.0, ori=0, pos=array([0., 0.]), rgb=array([255., 255., 255.]), text='Good work!\n\nYou have finished this task. ', units='height', win=Window(...), wrapWidth=1)
12.2679 	EXP 	Created thanks_cont_text = TextStim(__class__=<class 'psychopy.visual.text.TextStim'>, alignHoriz='center', alignVert='center', antialias=True, autoLog=True, bold=False, color='white', colorSpace='named', contrast=1.0, depth=-2.0, flipHoriz=False, flipVert=False, font='Arial', fontFiles=[], height=0.05, italic=False, languageStyle='LTR', name='thanks_cont_text', opacity=1.0, ori=0, pos=array([ 0. , -0.4]), rgb=array([255., 255., 255.]), text='Press SPACE to continue.', units='height', win=Window(...), wrapWidth=1)
12.2979 	EXP 	Imported SST_Instr.xlsx as conditions, 2 conditions, 3 params
12.2981 	EXP 	Created sequence: sequential, trialTypes=2, nReps=1, seed=None
12.2983 	EXP 	New trial (rep=0, index=0): OrderedDict([('index', 0), ('instr_txt', 'During this task, you will see words appear in the middle of the screen. '), ('cont_txt', 'Press SPACE for more instructions.')])
12.3799 	EXP 	instr_text: text = 'During this task, you will see words appear in the middle of the screen. '
12.3799 	EXP 	cont_text: text = 'Press SPACE for more instructions.'
12.3799 	EXP 	instr_text: autoDraw = True
12.3799 	EXP 	cont_text: autoDraw = True
13.5339 	EXP 	New trial (rep=0, index=1): OrderedDict([('index', 1), ('instr_txt', 'Quickly decide whether the word is an animal or not an animal.\n\nIf the word is an animal, press the "F" key.\nIf the word is not an animal, press the "J" key.'), ('cont_txt', 'Press SPACE to begin.')])
13.6220 	DATA 	Keypress: space
13.6299 	EXP 	instr_text: autoDraw = False
13.6299 	EXP 	cont_text: autoDraw = False
13.6299 	EXP 	instr_text: text = 'Quickly decide whether the word is an animal or not an animal.\n\nIf the word is an animal, press the "F" key.\nIf the word is not an animal, press the "J" key.'
13.6299 	EXP 	cont_text: text = 'Press SPACE to begin.'
13.6299 	EXP 	instr_text: autoDraw = True
13.6299 	EXP 	cont_text: autoDraw = True
15.6181 	DATA 	Keypress: space
15.6415 	EXP 	Imported SST_B1.xlsx as conditions, 2 conditions, 3 params
15.6418 	EXP 	Created sequence: random, trialTypes=2, nReps=1, seed=None
15.6421 	EXP 	New trial (rep=0, index=0): OrderedDict([('B1_stim', 'Catepillar'), ('B1_condition', 'Animals'), ('B1_correct', 'f')])
15.6637 	EXP 	instr_text: autoDraw = False
15.6637 	EXP 	cont_text: autoDraw = False
15.6637 	EXP 	fix_cue_text: autoDraw = True
16.6631 	EXP 	fixation_cross: autoDraw = True
17.1631 	EXP 	fixation_cross: autoDraw = False
17.1631 	EXP 	fix_cue_text: autoDraw = False
17.1631 	EXP 	fixation_cross: autoDraw = False
17.1631 	EXP 	fix_cue_text: autoDraw = False
17.1631 	EXP 	B1_stim_txt: text = 'Catepillar'
17.1631 	EXP 	B1_stim_txt: autoDraw = True
17.1631 	EXP 	B1_trial_cue_text: autoDraw = True
18.0173 	EXP 	New trial (rep=0, index=1): OrderedDict([('B1_stim', 'Armadillo'), ('B1_condition', 'Animals'), ('B1_correct', 'f')])
18.0192 	DATA 	Keypress: f
18.0299 	EXP 	B1_stim_txt: autoDraw = False
18.0299 	EXP 	B1_trial_cue_text: autoDraw = False
18.0299 	EXP 	fix_cue_text: autoDraw = True
19.0466 	EXP 	fixation_cross: autoDraw = True
19.5464 	EXP 	fixation_cross: autoDraw = False
19.5464 	EXP 	fix_cue_text: autoDraw = False
19.5464 	EXP 	fixation_cross: autoDraw = False
19.5464 	EXP 	fix_cue_text: autoDraw = False
19.5464 	EXP 	B1_stim_txt: text = 'Armadillo'
19.5464 	EXP 	B1_stim_txt: autoDraw = True
19.5464 	EXP 	B1_trial_cue_text: autoDraw = True
19.9567 	EXP 	Imported B2_instr.xlsx as conditions, 4 conditions, 3 params
19.9569 	EXP 	Created sequence: sequential, trialTypes=4, nReps=1, seed=None
19.9572 	EXP 	New trial (rep=0, index=0): OrderedDict([('index', 0), ('instr_txt', 'Nice Work!'), ('cont_txt', 'Press SPACE for more instructions.')])
19.9811 	DATA 	Keypress: f
19.9966 	EXP 	B1_stim_txt: autoDraw = False
19.9966 	EXP 	B1_trial_cue_text: autoDraw = False
19.9966 	EXP 	B2_instr_txt: text = 'Nice Work!'
19.9966 	EXP 	B2_cont_txt: text = 'Press SPACE for more instructions.'
19.9966 	EXP 	B2_instr_txt: autoDraw = True
19.9966 	EXP 	B2_cont_txt: autoDraw = True
20.7841 	EXP 	New trial (rep=0, index=1): OrderedDict([('index', 1), ('instr_txt', 'In this section, you will see a word in the middle of the screen.'), ('cont_txt', 'Press SPACE for more instructions.')])
20.8131 	DATA 	Keypress: space
20.8299 	EXP 	B2_instr_txt: autoDraw = False
20.8299 	EXP 	B2_cont_txt: autoDraw = False
20.8299 	EXP 	B2_instr_txt: text = 'In this section, you will see a word in the middle of the screen.'
20.8299 	EXP 	B2_cont_txt: text = 'Press SPACE for more instructions.'
20.8299 	EXP 	B2_instr_txt: autoDraw = True
20.8299 	EXP 	B2_cont_txt: autoDraw = True
21.8517 	DATA 	Keypress: space
21.8676 	EXP 	New trial (rep=0, index=2): OrderedDict([('index', 2), ('instr_txt', 'Just like in the last section…\n\nIf the word is an animal, press "F".\nIf the word is not an animal, press "J".'), ('cont_txt', 'Press SPACE for more instructions.')])
21.9298 	EXP 	B2_instr_txt: autoDraw = False
21.9298 	EXP 	B2_cont_txt: autoDraw = False
21.9298 	EXP 	B2_instr_txt: text = 'Just like in the last section…\n\nIf the word is an animal, press "F".\nIf the word is not an animal, press "J".'
21.9298 	EXP 	B2_cont_txt: text = 'Press SPACE for more instructions.'
21.9298 	EXP 	B2_instr_txt: autoDraw = True
21.9298 	EXP 	B2_cont_txt: autoDraw = True
23.9670 	EXP 	New trial (rep=0, index=3): OrderedDict([('index', 3), ('instr_txt', 'However, this time, if you hear a tone, \n\nDO NOT press any keys.'), ('cont_txt', 'Press SPACE to begin.')])
24.0109 	DATA 	Keypress: space
24.0296 	EXP 	B2_instr_txt: autoDraw = False
24.0296 	EXP 	B2_cont_txt: autoDraw = False
24.0296 	EXP 	B2_instr_txt: text = 'However, this time, if you hear a tone, \n\nDO NOT press any keys.'
24.0296 	EXP 	B2_cont_txt: text = 'Press SPACE to begin.'
24.0296 	EXP 	B2_instr_txt: autoDraw = True
24.0296 	EXP 	B2_cont_txt: autoDraw = True
25.1501 	EXP 	Imported SST_B2.xlsx as conditions, 192 conditions, 4 params
25.1506 	EXP 	Created sequence: sequential, trialTypes=192, nReps=1, seed=None
25.1508 	EXP 	New trial (rep=0, index=0): OrderedDict([('B2_stim', 'Antelope'), ('B2_condition', 'Animals'), ('B2_correct', 'f'), ('sig_volume', 1)])
25.1532 	DATA 	Keypress: space
25.1632 	EXP 	B2_instr_txt: autoDraw = False
25.1632 	EXP 	B2_cont_txt: autoDraw = False
25.1632 	EXP 	fix_cue_text: autoDraw = True
26.1797 	EXP 	fixation_cross: autoDraw = True
26.6565 	EXP 	Set  sound=A
26.6798 	EXP 	fixation_cross: autoDraw = False
26.6798 	EXP 	fix_cue_text: autoDraw = False
26.6798 	EXP 	B2_stim_text: text = 'Antelope'
26.6798 	EXP 	B2_stim_text: autoDraw = True
26.6798 	EXP 	B2_trial_cue_text: autoDraw = True
27.0485 	EXP 	Sound  started
28.1489 	EXP 	Sound  stopped
28.1494 	EXP 	New trial (rep=0, index=1): OrderedDict([('B2_stim', 'Anteater'), ('B2_condition', 'Animals'), ('B2_correct', 'f'), ('sig_volume', 1)])
28.1631 	EXP 	B2_stim_text: autoDraw = False
28.1631 	EXP 	B2_trial_cue_text: autoDraw = False
28.1631 	EXP 	B2_stim_text: autoDraw = False
28.1631 	EXP 	B2_trial_cue_text: autoDraw = False
28.1631 	EXP 	fix_cue_text: autoDraw = True
29.1800 	EXP 	fixation_cross: autoDraw = True
29.6551 	EXP 	Set  sound=A
29.6627 	EXP 	fixation_cross: autoDraw = False
29.6627 	EXP 	fix_cue_text: autoDraw = False
29.6627 	EXP 	fixation_cross: autoDraw = False
29.6627 	EXP 	fix_cue_text: autoDraw = False
29.6627 	EXP 	B2_stim_text: text = 'Anteater'
29.6627 	EXP 	B2_stim_text: autoDraw = True
29.6627 	EXP 	B2_trial_cue_text: autoDraw = True
30.0491 	EXP 	Sound  started
31.0183 	DATA 	Keypress: escape
31.2013 	EXP 	window1: mouseVisible = True
