13.5048 	WARNING 	User requested fullscreen with size [1440  900], but screen is actually [2880, 1800]. Using actual size
14.9666 	EXP 	Created window1 = Window(allowGUI=False, allowStencil=False, args=UNKNOWN, autoLog=True, bitsMode=UNKNOWN, blendMode='avg', color=array([0., 0., 0.]), colorSpace='hsv', fullscr=<method-wrapper '__getattribute__' of attributeSetter object at 0x000001ADEFFAC5C0>, gamma=None, kwargs=UNKNOWN, lms=UNKNOWN, monitor=<psychopy.monitors.calibTools.Monitor object at 0x000001ADEFFE42E8>, multiSample=False, name='window1', numSamples=2, pos=[0.0, 0.0], screen=0, size=array([2880, 1800]), stereo=False, units='height', useFBO=True, useRetina=False, viewOri=0.0, viewPos=None, viewScale=None, waitBlanking=True, winType='pyglet')
14.9666 	EXP 	window1: recordFrameIntervals = False
15.1328 	EXP 	window1: recordFrameIntervals = True
15.3162 	EXP 	window1: recordFrameIntervals = False
15.6851 	EXP 	Created instr_text = TextStim(__class__=<class 'psychopy.visual.text.TextStim'>, alignHoriz='center', alignVert='center', antialias=True, autoLog=True, bold=False, color='white', colorSpace='named', contrast=1.0, depth=0.0, flipHoriz=False, flipVert=False, font='Arial', fontFiles=[], height=0.05, italic=False, languageStyle='LTR', name='instr_text', opacity=1.0, ori=0, pos=array([0., 0.]), rgb=array([255., 255., 255.]), text='default text', units='height', win=Window(...), wrapWidth=1)
15.6892 	EXP 	Created cont_text = TextStim(__class__=<class 'psychopy.visual.text.TextStim'>, alignHoriz='center', alignVert='center', antialias=True, autoLog=True, bold=False, color='white', colorSpace='named', contrast=1.0, depth=-2.0, flipHoriz=False, flipVert=False, font='Arial', fontFiles=[], height=0.05, italic=False, languageStyle='LTR', name='cont_text', opacity=1.0, ori=0, pos=array([ 0. , -0.4]), rgb=array([255., 255., 255.]), text='default text', units='height', win=Window(...), wrapWidth=1)
15.7627 	EXP 	Created fixation_cross = TextStim(__class__=<class 'psychopy.visual.text.TextStim'>, alignHoriz='center', alignVert='center', antialias=True, autoLog=True, bold=False, color='white', colorSpace='named', contrast=1.0, depth=0.0, flipHoriz=False, flipVert=False, font='Arial', fontFiles=[], height=0.15, italic=False, languageStyle='LTR', name='fixation_cross', opacity=1.0, ori=0, pos=array([0., 0.]), rgb=array([255., 255., 255.]), text='+', units='height', win=Window(...), wrapWidth=1)
15.7800 	EXP 	Created fix_cue_text = TextStim(__class__=<class 'psychopy.visual.text.TextStim'>, alignHoriz='center', alignVert='center', antialias=True, autoLog=True, bold=False, color='white', colorSpace='named', contrast=1.0, depth=-1.0, flipHoriz=False, flipVert=False, font='Arial', fontFiles=[], height=0.05, italic=False, languageStyle='LTR', name='fix_cue_text', opacity=1.0, ori=0, pos=array([ 0.  , -0.45]), rgb=array([255., 255., 255.]), text='F = Animal  J = Not Animal', units='height', win=Window(...), wrapWidth=1)
15.8120 	EXP 	Created B1_stim_txt = TextStim(__class__=<class 'psychopy.visual.text.TextStim'>, alignHoriz='center', alignVert='center', antialias=True, autoLog=True, bold=False, color='white', colorSpace='named', contrast=1.0, depth=0.0, flipHoriz=False, flipVert=False, font='Arial', fontFiles=[], height=0.1, italic=False, languageStyle='LTR', name='B1_stim_txt', opacity=1.0, ori=0, pos=array([0., 0.]), rgb=array([255., 255., 255.]), text='default text', units='height', win=Window(...), wrapWidth=1)
15.8189 	EXP 	Created B1_trial_cue_text = TextStim(__class__=<class 'psychopy.visual.text.TextStim'>, alignHoriz='center', alignVert='center', antialias=True, autoLog=True, bold=False, color='white', colorSpace='named', contrast=1.0, depth=-3.0, flipHoriz=False, flipVert=False, font='Arial', fontFiles=[], height=0.05, italic=False, languageStyle='LTR', name='B1_trial_cue_text', opacity=1.0, ori=0, pos=array([ 0.  , -0.45]), rgb=array([255., 255., 255.]), text='F = Animal  J = Not Animal', units='height', win=Window(...), wrapWidth=1)
15.8222 	EXP 	Created B2_instr_txt = TextStim(__class__=<class 'psychopy.visual.text.TextStim'>, alignHoriz='center', alignVert='center', antialias=True, autoLog=True, bold=False, color='white', colorSpace='named', contrast=1.0, depth=0.0, flipHoriz=False, flipVert=False, font='Arial', fontFiles=[], height=0.05, italic=False, languageStyle='LTR', name='B2_instr_txt', opacity=1.0, ori=0, pos=array([0., 0.]), rgb=array([255., 255., 255.]), text='default text', units='height', win=Window(...), wrapWidth=1)
15.8257 	EXP 	Created B2_cont_txt = TextStim(__class__=<class 'psychopy.visual.text.TextStim'>, alignHoriz='center', alignVert='center', antialias=True, autoLog=True, bold=False, color='white', colorSpace='named', contrast=1.0, depth=-2.0, flipHoriz=False, flipVert=False, font='Arial', fontFiles=[], height=0.05, italic=False, languageStyle='LTR', name='B2_cont_txt', opacity=1.0, ori=0, pos=array([ 0. , -0.4]), rgb=array([255., 255., 255.]), text='default text', units='height', win=Window(...), wrapWidth=1)
15.8275 	EXP 	Created fixation_cross = TextStim(__class__=<class 'psychopy.visual.text.TextStim'>, alignHoriz='center', alignVert='center', antialias=True, autoLog=True, bold=False, color='white', colorSpace='named', contrast=1.0, depth=0.0, flipHoriz=False, flipVert=False, font='Arial', fontFiles=[], height=0.15, italic=False, languageStyle='LTR', name='fixation_cross', opacity=1.0, ori=0, pos=array([0., 0.]), rgb=array([255., 255., 255.]), text='+', units='height', win=Window(...), wrapWidth=1)
15.8343 	EXP 	Created fix_cue_text = TextStim(__class__=<class 'psychopy.visual.text.TextStim'>, alignHoriz='center', alignVert='center', antialias=True, autoLog=True, bold=False, color='white', colorSpace='named', contrast=1.0, depth=-1.0, flipHoriz=False, flipVert=False, font='Arial', fontFiles=[], height=0.05, italic=False, languageStyle='LTR', name='fix_cue_text', opacity=1.0, ori=0, pos=array([ 0.  , -0.45]), rgb=array([255., 255., 255.]), text='F = Animal  J = Not Animal', units='height', win=Window(...), wrapWidth=1)
15.8397 	EXP 	Created B2_stim_text = TextStim(__class__=<class 'psychopy.visual.text.TextStim'>, alignHoriz='center', alignVert='center', antialias=True, autoLog=True, bold=False, color='white', colorSpace='named', contrast=1.0, depth=0.0, flipHoriz=False, flipVert=False, font='Arial', fontFiles=[], height=0.1, italic=False, languageStyle='LTR', name='B2_stim_text', opacity=1.0, ori=0, pos=array([0., 0.]), rgb=array([255., 255., 255.]), text='default text', units='height', win=Window(...), wrapWidth=1)
16.7033 	EXP 	Set  sound=C
16.7113 	EXP 	Set  sound=A
16.7113 	EXP 	Sound  set volume 1.000
16.7199 	EXP 	Created B2_trial_cue_text = TextStim(__class__=<class 'psychopy.visual.text.TextStim'>, alignHoriz='center', alignVert='center', antialias=True, autoLog=True, bold=False, color='white', colorSpace='named', contrast=1.0, depth=-3.0, flipHoriz=False, flipVert=False, font='Arial', fontFiles=[], height=0.05, italic=False, languageStyle='LTR', name='B2_trial_cue_text', opacity=1.0, ori=0, pos=array([ 0.  , -0.45]), rgb=array([255., 255., 255.]), text='F = Animal  J = Not Animal', units='height', win=Window(...), wrapWidth=1)
16.7485 	EXP 	Created thanks_txt = TextStim(__class__=<class 'psychopy.visual.text.TextStim'>, alignHoriz='center', alignVert='center', antialias=True, autoLog=True, bold=False, color='white', colorSpace='named', contrast=1.0, depth=0.0, flipHoriz=False, flipVert=False, font='Arial', fontFiles=[], height=0.05, italic=False, languageStyle='LTR', name='thanks_txt', opacity=1.0, ori=0, pos=array([0., 0.]), rgb=array([255., 255., 255.]), text='Good work!\n\nYou have finished this task. ', units='height', win=Window(...), wrapWidth=1)
16.7657 	EXP 	Created thanks_cont_text = TextStim(__class__=<class 'psychopy.visual.text.TextStim'>, alignHoriz='center', alignVert='center', antialias=True, autoLog=True, bold=False, color='white', colorSpace='named', contrast=1.0, depth=-2.0, flipHoriz=False, flipVert=False, font='Arial', fontFiles=[], height=0.05, italic=False, languageStyle='LTR', name='thanks_cont_text', opacity=1.0, ori=0, pos=array([ 0. , -0.4]), rgb=array([255., 255., 255.]), text='Press SPACE to continue.', units='height', win=Window(...), wrapWidth=1)
16.8000 	EXP 	Imported SST_Instr.xlsx as conditions, 3 conditions, 3 params
16.8002 	EXP 	Created sequence: sequential, trialTypes=3, nReps=1, seed=None
16.8005 	EXP 	New trial (rep=0, index=0): OrderedDict([('index', 0), ('instr_txt', 'During this task, words will appear on the screen. '), ('cont_txt', 'Press SPACE for more instructions.')])
16.8858 	EXP 	instr_text: text = 'During this task, words will appear on the screen. '
16.8858 	EXP 	cont_text: text = 'Press SPACE for more instructions.'
16.8858 	EXP 	instr_text: autoDraw = True
16.8858 	EXP 	cont_text: autoDraw = True
44.0388 	EXP 	New trial (rep=0, index=1): OrderedDict([('index', 1), ('instr_txt', 'Decide if the word is an animal or not.\n\nIf the word is an animal, press "F"\nIf the word is not an animal, press "J"'), ('cont_txt', 'Press SPACE for more instructions.')])
44.0987 	DATA 	Keypress: space
44.1156 	EXP 	instr_text: autoDraw = False
44.1156 	EXP 	cont_text: autoDraw = False
44.1156 	EXP 	instr_text: text = 'Decide if the word is an animal or not.\n\nIf the word is an animal, press "F"\nIf the word is not an animal, press "J"'
44.1156 	EXP 	cont_text: text = 'Press SPACE for more instructions.'
44.1156 	EXP 	instr_text: autoDraw = True
44.1156 	EXP 	cont_text: autoDraw = True
44.1532 	EXP 	New trial (rep=0, index=2): OrderedDict([('index', 2), ('instr_txt', 'Make your choice as fast as possible.\n\nOnce the task has started, the words will keep coming.\n\nDo your best.'), ('cont_txt', 'Press SPACE to begin.')])
44.2219 	DATA 	Keypress: space
44.2323 	EXP 	instr_text: autoDraw = False
44.2323 	EXP 	cont_text: autoDraw = False
44.2323 	EXP 	instr_text: text = 'Make your choice as fast as possible.\n\nOnce the task has started, the words will keep coming.\n\nDo your best.'
44.2323 	EXP 	cont_text: text = 'Press SPACE to begin.'
44.2323 	EXP 	instr_text: autoDraw = True
44.2323 	EXP 	cont_text: autoDraw = True
56.2940 	EXP 	Imported SST_B1.xlsx as conditions, 24 conditions, 4 params
56.2943 	EXP 	Created sequence: random, trialTypes=24, nReps=1, seed=None
56.2946 	EXP 	New trial (rep=0, index=0): OrderedDict([('index', 0), ('B1_stim', 'Armadillo'), ('B1_condition', 'Animals'), ('B1_correct', 'f')])
56.2976 	DATA 	Keypress: space
56.3049 	EXP 	instr_text: autoDraw = False
56.3049 	EXP 	cont_text: autoDraw = False
56.3049 	EXP 	fix_cue_text: autoDraw = True
57.3179 	EXP 	fixation_cross: autoDraw = True
57.8319 	EXP 	fixation_cross: autoDraw = False
57.8319 	EXP 	fix_cue_text: autoDraw = False
57.8319 	EXP 	fixation_cross: autoDraw = False
57.8319 	EXP 	fix_cue_text: autoDraw = False
57.8319 	EXP 	B1_stim_txt: text = 'Armadillo'
57.8319 	EXP 	B1_stim_txt: autoDraw = True
57.8319 	EXP 	B1_trial_cue_text: autoDraw = True
59.2845 	EXP 	New trial (rep=0, index=1): OrderedDict([('index', 12), ('B1_stim', 'Table'), ('B1_condition', 'Nonanimals'), ('B1_correct', 'j')])
59.2985 	EXP 	B1_stim_txt: autoDraw = False
59.2985 	EXP 	B1_trial_cue_text: autoDraw = False
59.2985 	EXP 	B1_stim_txt: autoDraw = False
59.2985 	EXP 	B1_trial_cue_text: autoDraw = False
59.2985 	EXP 	fix_cue_text: autoDraw = True
60.3153 	EXP 	fixation_cross: autoDraw = True
60.8152 	EXP 	fixation_cross: autoDraw = False
60.8152 	EXP 	fix_cue_text: autoDraw = False
60.8152 	EXP 	fixation_cross: autoDraw = False
60.8152 	EXP 	fix_cue_text: autoDraw = False
60.8152 	EXP 	B1_stim_txt: text = 'Table'
60.8152 	EXP 	B1_stim_txt: autoDraw = True
60.8152 	EXP 	B1_trial_cue_text: autoDraw = True
62.2840 	EXP 	New trial (rep=0, index=2): OrderedDict([('index', 3), ('B1_stim', 'Leopard'), ('B1_condition', 'Animals'), ('B1_correct', 'f')])
62.2984 	EXP 	B1_stim_txt: autoDraw = False
62.2984 	EXP 	B1_trial_cue_text: autoDraw = False
62.2984 	EXP 	B1_stim_txt: autoDraw = False
62.2984 	EXP 	B1_trial_cue_text: autoDraw = False
62.2984 	EXP 	fix_cue_text: autoDraw = True
63.3152 	EXP 	fixation_cross: autoDraw = True
63.8152 	EXP 	fixation_cross: autoDraw = False
63.8152 	EXP 	fix_cue_text: autoDraw = False
63.8152 	EXP 	fixation_cross: autoDraw = False
63.8152 	EXP 	fix_cue_text: autoDraw = False
63.8152 	EXP 	B1_stim_txt: text = 'Leopard'
63.8152 	EXP 	B1_stim_txt: autoDraw = True
63.8152 	EXP 	B1_trial_cue_text: autoDraw = True
65.2841 	EXP 	New trial (rep=0, index=3): OrderedDict([('index', 6), ('B1_stim', 'Parrot'), ('B1_condition', 'Animals'), ('B1_correct', 'f')])
65.2984 	EXP 	B1_stim_txt: autoDraw = False
65.2984 	EXP 	B1_trial_cue_text: autoDraw = False
65.2984 	EXP 	B1_stim_txt: autoDraw = False
65.2984 	EXP 	B1_trial_cue_text: autoDraw = False
65.2984 	EXP 	fix_cue_text: autoDraw = True
66.3151 	EXP 	fixation_cross: autoDraw = True
66.8012 	EXP 	fixation_cross: autoDraw = False
66.8012 	EXP 	fix_cue_text: autoDraw = False
66.8012 	EXP 	fixation_cross: autoDraw = False
66.8012 	EXP 	fix_cue_text: autoDraw = False
66.8012 	EXP 	B1_stim_txt: text = 'Parrot'
66.8012 	EXP 	B1_stim_txt: autoDraw = True
66.8012 	EXP 	B1_trial_cue_text: autoDraw = True
68.2874 	EXP 	New trial (rep=0, index=4): OrderedDict([('index', 2), ('B1_stim', 'Frog'), ('B1_condition', 'Animals'), ('B1_correct', 'f')])
68.3006 	EXP 	B1_stim_txt: autoDraw = False
68.3006 	EXP 	B1_trial_cue_text: autoDraw = False
68.3006 	EXP 	B1_stim_txt: autoDraw = False
68.3006 	EXP 	B1_trial_cue_text: autoDraw = False
68.3006 	EXP 	fix_cue_text: autoDraw = True
69.3173 	EXP 	fixation_cross: autoDraw = True
69.8320 	EXP 	fixation_cross: autoDraw = False
69.8320 	EXP 	fix_cue_text: autoDraw = False
69.8320 	EXP 	fixation_cross: autoDraw = False
69.8320 	EXP 	fix_cue_text: autoDraw = False
69.8320 	EXP 	B1_stim_txt: text = 'Frog'
69.8320 	EXP 	B1_stim_txt: autoDraw = True
69.8320 	EXP 	B1_trial_cue_text: autoDraw = True
71.2854 	EXP 	New trial (rep=0, index=5): OrderedDict([('index', 15), ('B1_stim', 'Lettuce'), ('B1_condition', 'Nonanimals'), ('B1_correct', 'j')])
71.2987 	EXP 	B1_stim_txt: autoDraw = False
71.2987 	EXP 	B1_trial_cue_text: autoDraw = False
71.2987 	EXP 	B1_stim_txt: autoDraw = False
71.2987 	EXP 	B1_trial_cue_text: autoDraw = False
71.2987 	EXP 	fix_cue_text: autoDraw = True
72.3154 	EXP 	fixation_cross: autoDraw = True
72.8320 	EXP 	fixation_cross: autoDraw = False
72.8320 	EXP 	fix_cue_text: autoDraw = False
72.8320 	EXP 	fixation_cross: autoDraw = False
72.8320 	EXP 	fix_cue_text: autoDraw = False
72.8320 	EXP 	B1_stim_txt: text = 'Lettuce'
72.8320 	EXP 	B1_stim_txt: autoDraw = True
72.8320 	EXP 	B1_trial_cue_text: autoDraw = True
74.2853 	EXP 	New trial (rep=0, index=6): OrderedDict([('index', 9), ('B1_stim', 'Squirrel'), ('B1_condition', 'Animals'), ('B1_correct', 'f')])
74.2985 	EXP 	B1_stim_txt: autoDraw = False
74.2985 	EXP 	B1_trial_cue_text: autoDraw = False
74.2985 	EXP 	B1_stim_txt: autoDraw = False
74.2985 	EXP 	B1_trial_cue_text: autoDraw = False
74.2985 	EXP 	fix_cue_text: autoDraw = True
75.3154 	EXP 	fixation_cross: autoDraw = True
75.8317 	EXP 	fixation_cross: autoDraw = False
75.8317 	EXP 	fix_cue_text: autoDraw = False
75.8317 	EXP 	fixation_cross: autoDraw = False
75.8317 	EXP 	fix_cue_text: autoDraw = False
75.8317 	EXP 	B1_stim_txt: text = 'Squirrel'
75.8317 	EXP 	B1_stim_txt: autoDraw = True
75.8317 	EXP 	B1_trial_cue_text: autoDraw = True
77.2850 	EXP 	New trial (rep=0, index=7): OrderedDict([('index', 23), ('B1_stim', 'Saw'), ('B1_condition', 'Nonanimals'), ('B1_correct', 'j')])
77.2986 	EXP 	B1_stim_txt: autoDraw = False
77.2986 	EXP 	B1_trial_cue_text: autoDraw = False
77.2986 	EXP 	B1_stim_txt: autoDraw = False
77.2986 	EXP 	B1_trial_cue_text: autoDraw = False
77.2986 	EXP 	fix_cue_text: autoDraw = True
78.3154 	EXP 	fixation_cross: autoDraw = True
78.8183 	EXP 	fixation_cross: autoDraw = False
78.8183 	EXP 	fix_cue_text: autoDraw = False
78.8183 	EXP 	fixation_cross: autoDraw = False
78.8183 	EXP 	fix_cue_text: autoDraw = False
78.8183 	EXP 	B1_stim_txt: text = 'Saw'
78.8183 	EXP 	B1_stim_txt: autoDraw = True
78.8183 	EXP 	B1_trial_cue_text: autoDraw = True
80.2871 	EXP 	New trial (rep=0, index=8): OrderedDict([('index', 7), ('B1_stim', 'Rat'), ('B1_condition', 'Animals'), ('B1_correct', 'f')])
80.3008 	EXP 	B1_stim_txt: autoDraw = False
80.3008 	EXP 	B1_trial_cue_text: autoDraw = False
80.3008 	EXP 	B1_stim_txt: autoDraw = False
80.3008 	EXP 	B1_trial_cue_text: autoDraw = False
80.3008 	EXP 	fix_cue_text: autoDraw = True
81.3175 	EXP 	fixation_cross: autoDraw = True
81.8319 	EXP 	fixation_cross: autoDraw = False
81.8319 	EXP 	fix_cue_text: autoDraw = False
81.8319 	EXP 	fixation_cross: autoDraw = False
81.8319 	EXP 	fix_cue_text: autoDraw = False
81.8319 	EXP 	B1_stim_txt: text = 'Rat'
81.8319 	EXP 	B1_stim_txt: autoDraw = True
81.8319 	EXP 	B1_trial_cue_text: autoDraw = True
83.2855 	EXP 	New trial (rep=0, index=9): OrderedDict([('index', 11), ('B1_stim', 'Zebra'), ('B1_condition', 'Animals'), ('B1_correct', 'f')])
83.2984 	EXP 	B1_stim_txt: autoDraw = False
83.2984 	EXP 	B1_trial_cue_text: autoDraw = False
83.2984 	EXP 	B1_stim_txt: autoDraw = False
83.2984 	EXP 	B1_trial_cue_text: autoDraw = False
83.2984 	EXP 	fix_cue_text: autoDraw = True
84.3152 	EXP 	fixation_cross: autoDraw = True
84.8185 	EXP 	fixation_cross: autoDraw = False
84.8185 	EXP 	fix_cue_text: autoDraw = False
84.8185 	EXP 	fixation_cross: autoDraw = False
84.8185 	EXP 	fix_cue_text: autoDraw = False
84.8185 	EXP 	B1_stim_txt: text = 'Zebra'
84.8185 	EXP 	B1_stim_txt: autoDraw = True
84.8185 	EXP 	B1_trial_cue_text: autoDraw = True
86.2878 	EXP 	New trial (rep=0, index=10): OrderedDict([('index', 21), ('B1_stim', 'Garlic'), ('B1_condition', 'Nonanimals'), ('B1_correct', 'j')])
86.3008 	EXP 	B1_stim_txt: autoDraw = False
86.3008 	EXP 	B1_trial_cue_text: autoDraw = False
86.3008 	EXP 	B1_stim_txt: autoDraw = False
86.3008 	EXP 	B1_trial_cue_text: autoDraw = False
86.3008 	EXP 	fix_cue_text: autoDraw = True
87.3175 	EXP 	fixation_cross: autoDraw = True
87.8317 	EXP 	fixation_cross: autoDraw = False
87.8317 	EXP 	fix_cue_text: autoDraw = False
87.8317 	EXP 	fixation_cross: autoDraw = False
87.8317 	EXP 	fix_cue_text: autoDraw = False
87.8317 	EXP 	B1_stim_txt: text = 'Garlic'
87.8317 	EXP 	B1_stim_txt: autoDraw = True
87.8317 	EXP 	B1_trial_cue_text: autoDraw = True
89.2852 	EXP 	New trial (rep=0, index=11): OrderedDict([('index', 8), ('B1_stim', 'Sea Lion'), ('B1_condition', 'Animals'), ('B1_correct', 'f')])
89.2984 	EXP 	B1_stim_txt: autoDraw = False
89.2984 	EXP 	B1_trial_cue_text: autoDraw = False
89.2984 	EXP 	B1_stim_txt: autoDraw = False
89.2984 	EXP 	B1_trial_cue_text: autoDraw = False
89.2984 	EXP 	fix_cue_text: autoDraw = True
90.3151 	EXP 	fixation_cross: autoDraw = True
90.8318 	EXP 	fixation_cross: autoDraw = False
90.8318 	EXP 	fix_cue_text: autoDraw = False
90.8318 	EXP 	fixation_cross: autoDraw = False
90.8318 	EXP 	fix_cue_text: autoDraw = False
90.8318 	EXP 	B1_stim_txt: text = 'Sea Lion'
90.8318 	EXP 	B1_stim_txt: autoDraw = True
90.8318 	EXP 	B1_trial_cue_text: autoDraw = True
92.2849 	EXP 	New trial (rep=0, index=12): OrderedDict([('index', 14), ('B1_stim', 'Blueberry'), ('B1_condition', 'Nonanimals'), ('B1_correct', 'j')])
92.2982 	EXP 	B1_stim_txt: autoDraw = False
92.2982 	EXP 	B1_trial_cue_text: autoDraw = False
92.2982 	EXP 	B1_stim_txt: autoDraw = False
92.2982 	EXP 	B1_trial_cue_text: autoDraw = False
92.2982 	EXP 	fix_cue_text: autoDraw = True
93.3150 	EXP 	fixation_cross: autoDraw = True
93.8319 	EXP 	fixation_cross: autoDraw = False
93.8319 	EXP 	fix_cue_text: autoDraw = False
93.8319 	EXP 	fixation_cross: autoDraw = False
93.8319 	EXP 	fix_cue_text: autoDraw = False
93.8319 	EXP 	B1_stim_txt: text = 'Blueberry'
93.8319 	EXP 	B1_stim_txt: autoDraw = True
93.8319 	EXP 	B1_trial_cue_text: autoDraw = True
95.2851 	EXP 	New trial (rep=0, index=13): OrderedDict([('index', 10), ('B1_stim', 'Toad'), ('B1_condition', 'Animals'), ('B1_correct', 'f')])
95.2983 	EXP 	B1_stim_txt: autoDraw = False
95.2983 	EXP 	B1_trial_cue_text: autoDraw = False
95.2983 	EXP 	B1_stim_txt: autoDraw = False
95.2983 	EXP 	B1_trial_cue_text: autoDraw = False
95.2983 	EXP 	fix_cue_text: autoDraw = True
96.3149 	EXP 	fixation_cross: autoDraw = True
96.8151 	EXP 	fixation_cross: autoDraw = False
96.8151 	EXP 	fix_cue_text: autoDraw = False
96.8151 	EXP 	fixation_cross: autoDraw = False
96.8151 	EXP 	fix_cue_text: autoDraw = False
96.8151 	EXP 	B1_stim_txt: text = 'Toad'
96.8151 	EXP 	B1_stim_txt: autoDraw = True
96.8151 	EXP 	B1_trial_cue_text: autoDraw = True
98.2851 	EXP 	New trial (rep=0, index=14): OrderedDict([('index', 17), ('B1_stim', 'Shorts'), ('B1_condition', 'Nonanimals'), ('B1_correct', 'j')])
98.2981 	EXP 	B1_stim_txt: autoDraw = False
98.2981 	EXP 	B1_trial_cue_text: autoDraw = False
98.2981 	EXP 	B1_stim_txt: autoDraw = False
98.2981 	EXP 	B1_trial_cue_text: autoDraw = False
98.2981 	EXP 	fix_cue_text: autoDraw = True
99.3148 	EXP 	fixation_cross: autoDraw = True
99.8317 	EXP 	fixation_cross: autoDraw = False
99.8317 	EXP 	fix_cue_text: autoDraw = False
99.8317 	EXP 	fixation_cross: autoDraw = False
99.8317 	EXP 	fix_cue_text: autoDraw = False
99.8317 	EXP 	B1_stim_txt: text = 'Shorts'
99.8317 	EXP 	B1_stim_txt: autoDraw = True
99.8317 	EXP 	B1_trial_cue_text: autoDraw = True
101.2850 	EXP 	New trial (rep=0, index=15): OrderedDict([('index', 20), ('B1_stim', 'Tomato'), ('B1_condition', 'Nonanimals'), ('B1_correct', 'j')])
101.2982 	EXP 	B1_stim_txt: autoDraw = False
101.2982 	EXP 	B1_trial_cue_text: autoDraw = False
101.2982 	EXP 	B1_stim_txt: autoDraw = False
101.2982 	EXP 	B1_trial_cue_text: autoDraw = False
101.2982 	EXP 	fix_cue_text: autoDraw = True
102.3149 	EXP 	fixation_cross: autoDraw = True
102.8149 	EXP 	fixation_cross: autoDraw = False
102.8149 	EXP 	fix_cue_text: autoDraw = False
102.8149 	EXP 	fixation_cross: autoDraw = False
102.8149 	EXP 	fix_cue_text: autoDraw = False
102.8149 	EXP 	B1_stim_txt: text = 'Tomato'
102.8149 	EXP 	B1_stim_txt: autoDraw = True
102.8149 	EXP 	B1_trial_cue_text: autoDraw = True
104.2849 	EXP 	New trial (rep=0, index=16): OrderedDict([('index', 22), ('B1_stim', 'Drill'), ('B1_condition', 'Nonanimals'), ('B1_correct', 'j')])
104.2980 	EXP 	B1_stim_txt: autoDraw = False
104.2980 	EXP 	B1_trial_cue_text: autoDraw = False
104.2980 	EXP 	B1_stim_txt: autoDraw = False
104.2980 	EXP 	B1_trial_cue_text: autoDraw = False
104.2980 	EXP 	fix_cue_text: autoDraw = True
105.3148 	EXP 	fixation_cross: autoDraw = True
105.8207 	EXP 	fixation_cross: autoDraw = False
105.8207 	EXP 	fix_cue_text: autoDraw = False
105.8207 	EXP 	fixation_cross: autoDraw = False
105.8207 	EXP 	fix_cue_text: autoDraw = False
105.8207 	EXP 	B1_stim_txt: text = 'Drill'
105.8207 	EXP 	B1_stim_txt: autoDraw = True
105.8207 	EXP 	B1_trial_cue_text: autoDraw = True
107.2872 	EXP 	New trial (rep=0, index=17): OrderedDict([('index', 5), ('B1_stim', 'Penguin'), ('B1_condition', 'Animals'), ('B1_correct', 'f')])
107.3004 	EXP 	B1_stim_txt: autoDraw = False
107.3004 	EXP 	B1_trial_cue_text: autoDraw = False
107.3004 	EXP 	B1_stim_txt: autoDraw = False
107.3004 	EXP 	B1_trial_cue_text: autoDraw = False
107.3004 	EXP 	fix_cue_text: autoDraw = True
108.3170 	EXP 	fixation_cross: autoDraw = True
108.8148 	EXP 	fixation_cross: autoDraw = False
108.8148 	EXP 	fix_cue_text: autoDraw = False
108.8148 	EXP 	fixation_cross: autoDraw = False
108.8148 	EXP 	fix_cue_text: autoDraw = False
108.8148 	EXP 	B1_stim_txt: text = 'Penguin'
108.8148 	EXP 	B1_stim_txt: autoDraw = True
108.8148 	EXP 	B1_trial_cue_text: autoDraw = True
110.2845 	EXP 	New trial (rep=0, index=18): OrderedDict([('index', 1), ('B1_stim', 'Catepillar'), ('B1_condition', 'Animals'), ('B1_correct', 'f')])
110.2979 	EXP 	B1_stim_txt: autoDraw = False
110.2979 	EXP 	B1_trial_cue_text: autoDraw = False
110.2979 	EXP 	B1_stim_txt: autoDraw = False
110.2979 	EXP 	B1_trial_cue_text: autoDraw = False
110.2979 	EXP 	fix_cue_text: autoDraw = True
111.3146 	EXP 	fixation_cross: autoDraw = True
111.8313 	EXP 	fixation_cross: autoDraw = False
111.8313 	EXP 	fix_cue_text: autoDraw = False
111.8313 	EXP 	fixation_cross: autoDraw = False
111.8313 	EXP 	fix_cue_text: autoDraw = False
111.8313 	EXP 	B1_stim_txt: text = 'Catepillar'
111.8313 	EXP 	B1_stim_txt: autoDraw = True
111.8313 	EXP 	B1_trial_cue_text: autoDraw = True
113.2847 	EXP 	New trial (rep=0, index=19): OrderedDict([('index', 13), ('B1_stim', 'Subway'), ('B1_condition', 'Nonanimals'), ('B1_correct', 'j')])
113.2979 	EXP 	B1_stim_txt: autoDraw = False
113.2979 	EXP 	B1_trial_cue_text: autoDraw = False
113.2979 	EXP 	B1_stim_txt: autoDraw = False
113.2979 	EXP 	B1_trial_cue_text: autoDraw = False
113.2979 	EXP 	fix_cue_text: autoDraw = True
114.3145 	EXP 	fixation_cross: autoDraw = True
114.8146 	EXP 	fixation_cross: autoDraw = False
114.8146 	EXP 	fix_cue_text: autoDraw = False
114.8146 	EXP 	fixation_cross: autoDraw = False
114.8146 	EXP 	fix_cue_text: autoDraw = False
114.8146 	EXP 	B1_stim_txt: text = 'Subway'
114.8146 	EXP 	B1_stim_txt: autoDraw = True
114.8146 	EXP 	B1_trial_cue_text: autoDraw = True
116.2840 	EXP 	New trial (rep=0, index=20): OrderedDict([('index', 4), ('B1_stim', 'Moose'), ('B1_condition', 'Animals'), ('B1_correct', 'f')])
116.2978 	EXP 	B1_stim_txt: autoDraw = False
116.2978 	EXP 	B1_trial_cue_text: autoDraw = False
116.2978 	EXP 	B1_stim_txt: autoDraw = False
116.2978 	EXP 	B1_trial_cue_text: autoDraw = False
116.2978 	EXP 	fix_cue_text: autoDraw = True
117.3146 	EXP 	fixation_cross: autoDraw = True
117.8204 	EXP 	fixation_cross: autoDraw = False
117.8204 	EXP 	fix_cue_text: autoDraw = False
117.8204 	EXP 	fixation_cross: autoDraw = False
117.8204 	EXP 	fix_cue_text: autoDraw = False
117.8204 	EXP 	B1_stim_txt: text = 'Moose'
117.8204 	EXP 	B1_stim_txt: autoDraw = True
117.8204 	EXP 	B1_trial_cue_text: autoDraw = True
119.2870 	EXP 	New trial (rep=0, index=21): OrderedDict([('index', 16), ('B1_stim', 'Screwdriver'), ('B1_condition', 'Nonanimals'), ('B1_correct', 'j')])
119.3002 	EXP 	B1_stim_txt: autoDraw = False
119.3002 	EXP 	B1_trial_cue_text: autoDraw = False
119.3002 	EXP 	B1_stim_txt: autoDraw = False
119.3002 	EXP 	B1_trial_cue_text: autoDraw = False
119.3002 	EXP 	fix_cue_text: autoDraw = True
120.3169 	EXP 	fixation_cross: autoDraw = True
120.8308 	EXP 	fixation_cross: autoDraw = False
120.8308 	EXP 	fix_cue_text: autoDraw = False
120.8308 	EXP 	fixation_cross: autoDraw = False
120.8308 	EXP 	fix_cue_text: autoDraw = False
120.8308 	EXP 	B1_stim_txt: text = 'Screwdriver'
120.8308 	EXP 	B1_stim_txt: autoDraw = True
120.8308 	EXP 	B1_trial_cue_text: autoDraw = True
122.2839 	EXP 	New trial (rep=0, index=22): OrderedDict([('index', 19), ('B1_stim', 'Truck'), ('B1_condition', 'Nonanimals'), ('B1_correct', 'j')])
122.2978 	EXP 	B1_stim_txt: autoDraw = False
122.2978 	EXP 	B1_trial_cue_text: autoDraw = False
122.2978 	EXP 	B1_stim_txt: autoDraw = False
122.2978 	EXP 	B1_trial_cue_text: autoDraw = False
122.2978 	EXP 	fix_cue_text: autoDraw = True
123.3145 	EXP 	fixation_cross: autoDraw = True
123.8202 	EXP 	fixation_cross: autoDraw = False
123.8202 	EXP 	fix_cue_text: autoDraw = False
123.8202 	EXP 	fixation_cross: autoDraw = False
123.8202 	EXP 	fix_cue_text: autoDraw = False
123.8202 	EXP 	B1_stim_txt: text = 'Truck'
123.8202 	EXP 	B1_stim_txt: autoDraw = True
123.8202 	EXP 	B1_trial_cue_text: autoDraw = True
125.2865 	EXP 	New trial (rep=0, index=23): OrderedDict([('index', 18), ('B1_stim', 'Desk'), ('B1_condition', 'Nonanimals'), ('B1_correct', 'j')])
125.3001 	EXP 	B1_stim_txt: autoDraw = False
125.3001 	EXP 	B1_trial_cue_text: autoDraw = False
125.3001 	EXP 	B1_stim_txt: autoDraw = False
125.3001 	EXP 	B1_trial_cue_text: autoDraw = False
125.3001 	EXP 	fix_cue_text: autoDraw = True
126.3167 	EXP 	fixation_cross: autoDraw = True
126.8145 	EXP 	fixation_cross: autoDraw = False
126.8145 	EXP 	fix_cue_text: autoDraw = False
126.8145 	EXP 	fixation_cross: autoDraw = False
126.8145 	EXP 	fix_cue_text: autoDraw = False
126.8145 	EXP 	B1_stim_txt: text = 'Desk'
126.8145 	EXP 	B1_stim_txt: autoDraw = True
126.8145 	EXP 	B1_trial_cue_text: autoDraw = True
128.3011 	EXP 	Imported B2_instr.xlsx as conditions, 4 conditions, 3 params
128.3017 	EXP 	Created sequence: sequential, trialTypes=4, nReps=1, seed=None
128.3025 	EXP 	New trial (rep=0, index=0): OrderedDict([('index', 0), ('instr_txt', 'Nice Work!'), ('cont_txt', 'Press SPACE for more instructions.')])
128.3638 	EXP 	B1_stim_txt: autoDraw = False
128.3638 	EXP 	B1_trial_cue_text: autoDraw = False
128.3638 	EXP 	B1_stim_txt: autoDraw = False
128.3638 	EXP 	B1_trial_cue_text: autoDraw = False
128.3638 	EXP 	B2_instr_txt: text = 'Nice Work!'
128.3638 	EXP 	B2_cont_txt: text = 'Press SPACE for more instructions.'
128.3638 	EXP 	B2_instr_txt: autoDraw = True
128.3638 	EXP 	B2_cont_txt: autoDraw = True
175.6017 	EXP 	New trial (rep=0, index=1): OrderedDict([('index', 1), ('instr_txt', 'In this section, you will see a word in the middle of the screen.'), ('cont_txt', 'Press SPACE for more instructions.')])
175.6789 	DATA 	Keypress: space
175.6963 	EXP 	B2_instr_txt: autoDraw = False
175.6963 	EXP 	B2_cont_txt: autoDraw = False
175.6963 	EXP 	B2_instr_txt: text = 'In this section, you will see a word in the middle of the screen.'
175.6963 	EXP 	B2_cont_txt: text = 'Press SPACE for more instructions.'
175.6963 	EXP 	B2_instr_txt: autoDraw = True
175.6963 	EXP 	B2_cont_txt: autoDraw = True
177.9682 	EXP 	New trial (rep=0, index=2): OrderedDict([('index', 2), ('instr_txt', 'Just like in the last section…\n\nIf the word is an animal, press "F"\nIf the word is not an animal, press "J"'), ('cont_txt', 'Press SPACE for more instructions.')])
178.0524 	DATA 	Keypress: space
178.0628 	EXP 	B2_instr_txt: autoDraw = False
178.0628 	EXP 	B2_cont_txt: autoDraw = False
178.0628 	EXP 	B2_instr_txt: text = 'Just like in the last section…\n\nIf the word is an animal, press "F"\nIf the word is not an animal, press "J"'
178.0628 	EXP 	B2_cont_txt: text = 'Press SPACE for more instructions.'
178.0628 	EXP 	B2_instr_txt: autoDraw = True
178.0628 	EXP 	B2_cont_txt: autoDraw = True
180.9849 	EXP 	New trial (rep=0, index=3): OrderedDict([('index', 3), ('instr_txt', 'However, if you hear a tone...\n\nDO NOT press any keys.'), ('cont_txt', 'Press SPACE to begin.')])
181.0696 	DATA 	Keypress: space
181.0794 	EXP 	B2_instr_txt: autoDraw = False
181.0794 	EXP 	B2_cont_txt: autoDraw = False
181.0794 	EXP 	B2_instr_txt: text = 'However, if you hear a tone...\n\nDO NOT press any keys.'
181.0794 	EXP 	B2_cont_txt: text = 'Press SPACE to begin.'
181.0794 	EXP 	B2_instr_txt: autoDraw = True
181.0794 	EXP 	B2_cont_txt: autoDraw = True
183.2917 	EXP 	Imported SST_B2.xlsx as conditions, 192 conditions, 5 params
183.2928 	EXP 	Created sequence: sequential, trialTypes=192, nReps=1, seed=None
183.2934 	EXP 	New trial (rep=0, index=0): OrderedDict([('index', 0), ('B2_stim', 'Antelope'), ('B2_condition', 'Animals'), ('B2_correct', 'f'), ('sig_volume', 1)])
183.2966 	DATA 	Keypress: space
183.3128 	EXP 	B2_instr_txt: autoDraw = False
183.3128 	EXP 	B2_cont_txt: autoDraw = False
183.3128 	EXP 	fix_cue_text: autoDraw = True
184.3133 	EXP 	fixation_cross: autoDraw = True
184.7667 	EXP 	Set  sound=A
184.7702 	EXP 	Sound  started
184.7826 	EXP 	fixation_cross: autoDraw = False
184.7826 	EXP 	fix_cue_text: autoDraw = False
184.7826 	EXP 	B2_stim_text: text = 'Antelope'
184.7826 	EXP 	B2_stim_text: autoDraw = True
184.7826 	EXP 	B2_trial_cue_text: autoDraw = True
186.2503 	EXP 	Sound  stopped
186.2516 	EXP 	New trial (rep=0, index=1): OrderedDict([('index', 1), ('B2_stim', 'Anteater'), ('B2_condition', 'Animals'), ('B2_correct', 'f'), ('sig_volume', 0)])
186.2656 	EXP 	B2_stim_text: autoDraw = False
186.2656 	EXP 	B2_trial_cue_text: autoDraw = False
186.2656 	EXP 	fix_cue_text: autoDraw = True
187.2822 	EXP 	fixation_cross: autoDraw = True
187.7681 	EXP 	Set  sound=A
187.7712 	EXP 	Sound  started
187.7802 	EXP 	fixation_cross: autoDraw = False
187.7802 	EXP 	fix_cue_text: autoDraw = False
187.7802 	EXP 	B2_stim_text: text = 'Anteater'
187.7802 	EXP 	B2_stim_text: autoDraw = True
187.7802 	EXP 	B2_trial_cue_text: autoDraw = True
189.2475 	EXP 	Sound  stopped
189.2485 	EXP 	New trial (rep=0, index=2): OrderedDict([('index', 2), ('B2_stim', 'Aardvark'), ('B2_condition', 'Animals'), ('B2_correct', 'f'), ('sig_volume', 0)])
189.2631 	EXP 	B2_stim_text: autoDraw = False
189.2631 	EXP 	B2_trial_cue_text: autoDraw = False
189.2631 	EXP 	fix_cue_text: autoDraw = True
190.2798 	EXP 	fixation_cross: autoDraw = True
190.7659 	EXP 	Set  sound=A
190.7690 	EXP 	Sound  started
190.7805 	EXP 	fixation_cross: autoDraw = False
190.7805 	EXP 	fix_cue_text: autoDraw = False
190.7805 	EXP 	B2_stim_text: text = 'Aardvark'
190.7805 	EXP 	B2_stim_text: autoDraw = True
190.7805 	EXP 	B2_trial_cue_text: autoDraw = True
192.2474 	EXP 	Sound  stopped
192.2485 	EXP 	New trial (rep=0, index=3): OrderedDict([('index', 3), ('B2_stim', 'Alligator'), ('B2_condition', 'Animals'), ('B2_correct', 'f'), ('sig_volume', 1)])
192.2631 	EXP 	B2_stim_text: autoDraw = False
192.2631 	EXP 	B2_trial_cue_text: autoDraw = False
192.2631 	EXP 	fix_cue_text: autoDraw = True
193.2795 	EXP 	fixation_cross: autoDraw = True
193.7668 	EXP 	Set  sound=A
193.7705 	EXP 	Sound  started
193.7828 	EXP 	fixation_cross: autoDraw = False
193.7828 	EXP 	fix_cue_text: autoDraw = False
193.7828 	EXP 	B2_stim_text: text = 'Alligator'
193.7828 	EXP 	B2_stim_text: autoDraw = True
193.7828 	EXP 	B2_trial_cue_text: autoDraw = True
195.2496 	EXP 	Sound  stopped
195.2506 	EXP 	New trial (rep=0, index=4): OrderedDict([('index', 4), ('B2_stim', 'Ant'), ('B2_condition', 'Animals'), ('B2_correct', 'f'), ('sig_volume', 0)])
195.2652 	EXP 	B2_stim_text: autoDraw = False
195.2652 	EXP 	B2_trial_cue_text: autoDraw = False
195.2652 	EXP 	fix_cue_text: autoDraw = True
196.2818 	EXP 	fixation_cross: autoDraw = True
196.7596 	EXP 	Set  sound=A
196.7627 	EXP 	Sound  started
196.7797 	EXP 	fixation_cross: autoDraw = False
196.7797 	EXP 	fix_cue_text: autoDraw = False
196.7797 	EXP 	B2_stim_text: text = 'Ant'
196.7797 	EXP 	B2_stim_text: autoDraw = True
196.7797 	EXP 	B2_trial_cue_text: autoDraw = True
198.2472 	EXP 	Sound  stopped
198.2483 	EXP 	New trial (rep=0, index=5): OrderedDict([('index', 5), ('B2_stim', 'Baboon'), ('B2_condition', 'Animals'), ('B2_correct', 'f'), ('sig_volume', 0)])
198.2630 	EXP 	B2_stim_text: autoDraw = False
198.2630 	EXP 	B2_trial_cue_text: autoDraw = False
198.2630 	EXP 	fix_cue_text: autoDraw = True
199.2797 	EXP 	fixation_cross: autoDraw = True
199.7605 	EXP 	Set  sound=A
199.7639 	EXP 	Sound  started
199.7796 	EXP 	fixation_cross: autoDraw = False
199.7796 	EXP 	fix_cue_text: autoDraw = False
199.7796 	EXP 	B2_stim_text: text = 'Baboon'
199.7796 	EXP 	B2_stim_text: autoDraw = True
199.7796 	EXP 	B2_trial_cue_text: autoDraw = True
201.2472 	EXP 	Sound  stopped
201.2482 	EXP 	New trial (rep=0, index=6): OrderedDict([('index', 6), ('B2_stim', 'Badger'), ('B2_condition', 'Animals'), ('B2_correct', 'f'), ('sig_volume', 0)])
201.2628 	EXP 	B2_stim_text: autoDraw = False
201.2628 	EXP 	B2_trial_cue_text: autoDraw = False
201.2628 	EXP 	fix_cue_text: autoDraw = True
202.2795 	EXP 	fixation_cross: autoDraw = True
202.7630 	EXP 	Set  sound=A
202.7667 	EXP 	Sound  started
202.7795 	EXP 	fixation_cross: autoDraw = False
202.7795 	EXP 	fix_cue_text: autoDraw = False
202.7795 	EXP 	B2_stim_text: text = 'Badger'
202.7795 	EXP 	B2_stim_text: autoDraw = True
202.7795 	EXP 	B2_trial_cue_text: autoDraw = True
204.2471 	EXP 	Sound  stopped
204.2482 	EXP 	New trial (rep=0, index=7): OrderedDict([('index', 7), ('B2_stim', 'Bear'), ('B2_condition', 'Animals'), ('B2_correct', 'f'), ('sig_volume', 1)])
204.2627 	EXP 	B2_stim_text: autoDraw = False
204.2627 	EXP 	B2_trial_cue_text: autoDraw = False
204.2627 	EXP 	fix_cue_text: autoDraw = True
205.2795 	EXP 	fixation_cross: autoDraw = True
205.7595 	EXP 	Set  sound=A
205.7630 	EXP 	Sound  started
205.7794 	EXP 	fixation_cross: autoDraw = False
205.7794 	EXP 	fix_cue_text: autoDraw = False
205.7794 	EXP 	B2_stim_text: text = 'Bear'
205.7794 	EXP 	B2_stim_text: autoDraw = True
205.7794 	EXP 	B2_trial_cue_text: autoDraw = True
207.2470 	EXP 	Sound  stopped
207.2480 	EXP 	New trial (rep=0, index=8): OrderedDict([('index', 8), ('B2_stim', 'Beetle'), ('B2_condition', 'Animals'), ('B2_correct', 'f'), ('sig_volume', 0)])
207.2627 	EXP 	B2_stim_text: autoDraw = False
207.2627 	EXP 	B2_trial_cue_text: autoDraw = False
207.2627 	EXP 	fix_cue_text: autoDraw = True
208.2795 	EXP 	fixation_cross: autoDraw = True
208.7609 	EXP 	Set  sound=A
208.7647 	EXP 	Sound  started
208.7794 	EXP 	fixation_cross: autoDraw = False
208.7794 	EXP 	fix_cue_text: autoDraw = False
208.7794 	EXP 	B2_stim_text: text = 'Beetle'
208.7794 	EXP 	B2_stim_text: autoDraw = True
208.7794 	EXP 	B2_trial_cue_text: autoDraw = True
210.2469 	EXP 	Sound  stopped
210.2480 	EXP 	New trial (rep=0, index=9): OrderedDict([('index', 9), ('B2_stim', 'Bird'), ('B2_condition', 'Animals'), ('B2_correct', 'f'), ('sig_volume', 0)])
210.2628 	EXP 	B2_stim_text: autoDraw = False
210.2628 	EXP 	B2_trial_cue_text: autoDraw = False
210.2628 	EXP 	fix_cue_text: autoDraw = True
211.2794 	EXP 	fixation_cross: autoDraw = True
211.7598 	EXP 	Set  sound=A
211.7637 	EXP 	Sound  started
211.7793 	EXP 	fixation_cross: autoDraw = False
211.7793 	EXP 	fix_cue_text: autoDraw = False
211.7793 	EXP 	B2_stim_text: text = 'Bird'
211.7793 	EXP 	B2_stim_text: autoDraw = True
211.7793 	EXP 	B2_trial_cue_text: autoDraw = True
213.2469 	EXP 	Sound  stopped
213.2479 	EXP 	New trial (rep=0, index=10): OrderedDict([('index', 10), ('B2_stim', 'Bison'), ('B2_condition', 'Animals'), ('B2_correct', 'f'), ('sig_volume', 0)])
213.2626 	EXP 	B2_stim_text: autoDraw = False
213.2626 	EXP 	B2_trial_cue_text: autoDraw = False
213.2626 	EXP 	fix_cue_text: autoDraw = True
214.2792 	EXP 	fixation_cross: autoDraw = True
214.7625 	EXP 	Set  sound=A
214.7657 	EXP 	Sound  started
214.7792 	EXP 	fixation_cross: autoDraw = False
214.7792 	EXP 	fix_cue_text: autoDraw = False
214.7792 	EXP 	B2_stim_text: text = 'Bison'
214.7792 	EXP 	B2_stim_text: autoDraw = True
214.7792 	EXP 	B2_trial_cue_text: autoDraw = True
216.2469 	EXP 	Sound  stopped
216.2479 	EXP 	New trial (rep=0, index=11): OrderedDict([('index', 11), ('B2_stim', 'Bobcat'), ('B2_condition', 'Animals'), ('B2_correct', 'f'), ('sig_volume', 0)])
216.2626 	EXP 	B2_stim_text: autoDraw = False
216.2626 	EXP 	B2_trial_cue_text: autoDraw = False
216.2626 	EXP 	fix_cue_text: autoDraw = True
217.2791 	EXP 	fixation_cross: autoDraw = True
217.7625 	EXP 	Set  sound=A
217.7656 	EXP 	Sound  started
217.7791 	EXP 	fixation_cross: autoDraw = False
217.7791 	EXP 	fix_cue_text: autoDraw = False
217.7791 	EXP 	B2_stim_text: text = 'Bobcat'
217.7791 	EXP 	B2_stim_text: autoDraw = True
217.7791 	EXP 	B2_trial_cue_text: autoDraw = True
219.2468 	EXP 	Sound  stopped
219.2478 	EXP 	New trial (rep=0, index=12): OrderedDict([('index', 12), ('B2_stim', 'Buffalo'), ('B2_condition', 'Animals'), ('B2_correct', 'f'), ('sig_volume', 0)])
219.2626 	EXP 	B2_stim_text: autoDraw = False
219.2626 	EXP 	B2_trial_cue_text: autoDraw = False
219.2626 	EXP 	fix_cue_text: autoDraw = True
220.2791 	EXP 	fixation_cross: autoDraw = True
220.7621 	EXP 	Set  sound=A
220.7654 	EXP 	Sound  started
220.7790 	EXP 	fixation_cross: autoDraw = False
220.7790 	EXP 	fix_cue_text: autoDraw = False
220.7790 	EXP 	B2_stim_text: text = 'Buffalo'
220.7790 	EXP 	B2_stim_text: autoDraw = True
220.7790 	EXP 	B2_trial_cue_text: autoDraw = True
222.2468 	EXP 	Sound  stopped
222.2478 	EXP 	New trial (rep=0, index=13): OrderedDict([('index', 13), ('B2_stim', 'Bullfrog'), ('B2_condition', 'Animals'), ('B2_correct', 'f'), ('sig_volume', 0)])
222.2624 	EXP 	B2_stim_text: autoDraw = False
222.2624 	EXP 	B2_trial_cue_text: autoDraw = False
222.2624 	EXP 	fix_cue_text: autoDraw = True
223.2792 	EXP 	fixation_cross: autoDraw = True
223.7638 	EXP 	Set  sound=A
223.7671 	EXP 	Sound  started
223.7792 	EXP 	fixation_cross: autoDraw = False
223.7792 	EXP 	fix_cue_text: autoDraw = False
223.7792 	EXP 	B2_stim_text: text = 'Bullfrog'
223.7792 	EXP 	B2_stim_text: autoDraw = True
223.7792 	EXP 	B2_trial_cue_text: autoDraw = True
225.2467 	EXP 	Sound  stopped
225.2477 	EXP 	New trial (rep=0, index=14): OrderedDict([('index', 14), ('B2_stim', 'Bumble Bee'), ('B2_condition', 'Animals'), ('B2_correct', 'f'), ('sig_volume', 0)])
225.2623 	EXP 	B2_stim_text: autoDraw = False
225.2623 	EXP 	B2_trial_cue_text: autoDraw = False
225.2623 	EXP 	fix_cue_text: autoDraw = True
226.2791 	EXP 	fixation_cross: autoDraw = True
226.7680 	EXP 	Set  sound=A
226.7710 	EXP 	Sound  started
226.7832 	EXP 	fixation_cross: autoDraw = False
226.7832 	EXP 	fix_cue_text: autoDraw = False
226.7832 	EXP 	B2_stim_text: text = 'Bumble Bee'
226.7832 	EXP 	B2_stim_text: autoDraw = True
226.7832 	EXP 	B2_trial_cue_text: autoDraw = True
228.2490 	EXP 	Sound  stopped
228.2500 	EXP 	New trial (rep=0, index=15): OrderedDict([('index', 15), ('B2_stim', 'Butterfly'), ('B2_condition', 'Animals'), ('B2_correct', 'f'), ('sig_volume', 0)])
228.2646 	EXP 	B2_stim_text: autoDraw = False
228.2646 	EXP 	B2_trial_cue_text: autoDraw = False
228.2646 	EXP 	fix_cue_text: autoDraw = True
229.2811 	EXP 	fixation_cross: autoDraw = True
229.7680 	EXP 	Set  sound=A
229.7712 	EXP 	Sound  started
229.7807 	EXP 	fixation_cross: autoDraw = False
229.7807 	EXP 	fix_cue_text: autoDraw = False
229.7807 	EXP 	B2_stim_text: text = 'Butterfly'
229.7807 	EXP 	B2_stim_text: autoDraw = True
229.7807 	EXP 	B2_trial_cue_text: autoDraw = True
231.2489 	EXP 	Sound  stopped
231.2499 	EXP 	New trial (rep=0, index=16): OrderedDict([('index', 16), ('B2_stim', 'Buzzard'), ('B2_condition', 'Animals'), ('B2_correct', 'f'), ('sig_volume', 1)])
231.2645 	EXP 	B2_stim_text: autoDraw = False
231.2645 	EXP 	B2_trial_cue_text: autoDraw = False
231.2645 	EXP 	fix_cue_text: autoDraw = True
232.2810 	EXP 	fixation_cross: autoDraw = True
232.7791 	EXP 	Set  sound=A
232.7816 	EXP 	Sound  started
232.7954 	EXP 	fixation_cross: autoDraw = False
232.7954 	EXP 	fix_cue_text: autoDraw = False
232.7954 	EXP 	B2_stim_text: text = 'Buzzard'
232.7954 	EXP 	B2_stim_text: autoDraw = True
232.7954 	EXP 	B2_trial_cue_text: autoDraw = True
234.2465 	EXP 	Sound  stopped
234.2476 	EXP 	New trial (rep=0, index=17): OrderedDict([('index', 17), ('B2_stim', 'Camel'), ('B2_condition', 'Animals'), ('B2_correct', 'f'), ('sig_volume', 0)])
234.2622 	EXP 	B2_stim_text: autoDraw = False
234.2622 	EXP 	B2_trial_cue_text: autoDraw = False
234.2622 	EXP 	fix_cue_text: autoDraw = True
235.2788 	EXP 	fixation_cross: autoDraw = True
235.7605 	EXP 	Set  sound=A
235.7643 	EXP 	Sound  started
235.7788 	EXP 	fixation_cross: autoDraw = False
235.7788 	EXP 	fix_cue_text: autoDraw = False
235.7788 	EXP 	B2_stim_text: text = 'Camel'
235.7788 	EXP 	B2_stim_text: autoDraw = True
235.7788 	EXP 	B2_trial_cue_text: autoDraw = True
237.2465 	EXP 	Sound  stopped
237.2475 	EXP 	New trial (rep=0, index=18): OrderedDict([('index', 18), ('B2_stim', 'Cat'), ('B2_condition', 'Animals'), ('B2_correct', 'f'), ('sig_volume', 0)])
237.2622 	EXP 	B2_stim_text: autoDraw = False
237.2622 	EXP 	B2_trial_cue_text: autoDraw = False
237.2622 	EXP 	fix_cue_text: autoDraw = True
238.2787 	EXP 	fixation_cross: autoDraw = True
238.7572 	EXP 	Set  sound=A
238.7605 	EXP 	Sound  started
238.7787 	EXP 	fixation_cross: autoDraw = False
238.7787 	EXP 	fix_cue_text: autoDraw = False
238.7787 	EXP 	B2_stim_text: text = 'Cat'
238.7787 	EXP 	B2_stim_text: autoDraw = True
238.7787 	EXP 	B2_trial_cue_text: autoDraw = True
240.2464 	EXP 	Sound  stopped
240.2475 	EXP 	New trial (rep=0, index=19): OrderedDict([('index', 19), ('B2_stim', 'Chameleon'), ('B2_condition', 'Animals'), ('B2_correct', 'f'), ('sig_volume', 0)])
240.2621 	EXP 	B2_stim_text: autoDraw = False
240.2621 	EXP 	B2_trial_cue_text: autoDraw = False
240.2621 	EXP 	fix_cue_text: autoDraw = True
241.2787 	EXP 	fixation_cross: autoDraw = True
241.7658 	EXP 	Set  sound=A
241.7690 	EXP 	Sound  started
241.7813 	EXP 	fixation_cross: autoDraw = False
241.7813 	EXP 	fix_cue_text: autoDraw = False
241.7813 	EXP 	B2_stim_text: text = 'Chameleon'
241.7813 	EXP 	B2_stim_text: autoDraw = True
241.7813 	EXP 	B2_trial_cue_text: autoDraw = True
243.2486 	EXP 	Sound  stopped
243.2495 	EXP 	New trial (rep=0, index=20): OrderedDict([('index', 20), ('B2_stim', 'Cheetah'), ('B2_condition', 'Animals'), ('B2_correct', 'f'), ('sig_volume', 0)])
243.2644 	EXP 	B2_stim_text: autoDraw = False
243.2644 	EXP 	B2_trial_cue_text: autoDraw = False
243.2644 	EXP 	fix_cue_text: autoDraw = True
244.2810 	EXP 	fixation_cross: autoDraw = True
244.7636 	EXP 	Set  sound=A
244.7672 	EXP 	Sound  started
244.7786 	EXP 	fixation_cross: autoDraw = False
244.7786 	EXP 	fix_cue_text: autoDraw = False
244.7786 	EXP 	B2_stim_text: text = 'Cheetah'
244.7786 	EXP 	B2_stim_text: autoDraw = True
244.7786 	EXP 	B2_trial_cue_text: autoDraw = True
246.2462 	EXP 	Sound  stopped
246.2472 	EXP 	New trial (rep=0, index=21): OrderedDict([('index', 21), ('B2_stim', 'Chimpanzee'), ('B2_condition', 'Animals'), ('B2_correct', 'f'), ('sig_volume', 0)])
246.2619 	EXP 	B2_stim_text: autoDraw = False
246.2619 	EXP 	B2_trial_cue_text: autoDraw = False
246.2619 	EXP 	fix_cue_text: autoDraw = True
247.2785 	EXP 	fixation_cross: autoDraw = True
247.7669 	EXP 	Set  sound=A
247.7698 	EXP 	Sound  started
247.7821 	EXP 	fixation_cross: autoDraw = False
247.7821 	EXP 	fix_cue_text: autoDraw = False
247.7821 	EXP 	B2_stim_text: text = 'Chimpanzee'
247.7821 	EXP 	B2_stim_text: autoDraw = True
247.7821 	EXP 	B2_trial_cue_text: autoDraw = True
249.2486 	EXP 	Sound  stopped
249.2496 	EXP 	New trial (rep=0, index=22): OrderedDict([('index', 22), ('B2_stim', 'Chipmunk'), ('B2_condition', 'Animals'), ('B2_correct', 'f'), ('sig_volume', 0)])
249.2642 	EXP 	B2_stim_text: autoDraw = False
249.2642 	EXP 	B2_trial_cue_text: autoDraw = False
249.2642 	EXP 	fix_cue_text: autoDraw = True
250.2809 	EXP 	fixation_cross: autoDraw = True
250.7665 	EXP 	Set  sound=A
250.7700 	EXP 	Sound  started
250.7793 	EXP 	fixation_cross: autoDraw = False
250.7793 	EXP 	fix_cue_text: autoDraw = False
250.7793 	EXP 	B2_stim_text: text = 'Chipmunk'
250.7793 	EXP 	B2_stim_text: autoDraw = True
250.7793 	EXP 	B2_trial_cue_text: autoDraw = True
252.2461 	EXP 	Sound  stopped
252.2471 	EXP 	New trial (rep=0, index=23): OrderedDict([('index', 23), ('B2_stim', 'Cougar'), ('B2_condition', 'Animals'), ('B2_correct', 'f'), ('sig_volume', 0)])
252.2617 	EXP 	B2_stim_text: autoDraw = False
252.2617 	EXP 	B2_trial_cue_text: autoDraw = False
252.2617 	EXP 	fix_cue_text: autoDraw = True
253.2784 	EXP 	fixation_cross: autoDraw = True
253.7600 	EXP 	Set  sound=A
253.7638 	EXP 	Sound  started
253.7784 	EXP 	fixation_cross: autoDraw = False
253.7784 	EXP 	fix_cue_text: autoDraw = False
253.7784 	EXP 	B2_stim_text: text = 'Cougar'
253.7784 	EXP 	B2_stim_text: autoDraw = True
253.7784 	EXP 	B2_trial_cue_text: autoDraw = True
255.2460 	EXP 	Sound  stopped
255.2470 	EXP 	New trial (rep=0, index=24): OrderedDict([('index', 24), ('B2_stim', 'Cow'), ('B2_condition', 'Animals'), ('B2_correct', 'f'), ('sig_volume', 0)])
255.2618 	EXP 	B2_stim_text: autoDraw = False
255.2618 	EXP 	B2_trial_cue_text: autoDraw = False
255.2618 	EXP 	fix_cue_text: autoDraw = True
256.2784 	EXP 	fixation_cross: autoDraw = True
256.7564 	EXP 	Set  sound=A
256.7597 	EXP 	Sound  started
256.7783 	EXP 	fixation_cross: autoDraw = False
256.7783 	EXP 	fix_cue_text: autoDraw = False
256.7783 	EXP 	B2_stim_text: text = 'Cow'
256.7783 	EXP 	B2_stim_text: autoDraw = True
256.7783 	EXP 	B2_trial_cue_text: autoDraw = True
258.2461 	EXP 	Sound  stopped
258.2472 	EXP 	New trial (rep=0, index=25): OrderedDict([('index', 25), ('B2_stim', 'Coyote'), ('B2_condition', 'Animals'), ('B2_correct', 'f'), ('sig_volume', 1)])
258.2616 	EXP 	B2_stim_text: autoDraw = False
258.2616 	EXP 	B2_trial_cue_text: autoDraw = False
258.2616 	EXP 	fix_cue_text: autoDraw = True
259.2783 	EXP 	fixation_cross: autoDraw = True
259.7607 	EXP 	Set  sound=A
259.7638 	EXP 	Sound  started
259.7783 	EXP 	fixation_cross: autoDraw = False
259.7783 	EXP 	fix_cue_text: autoDraw = False
259.7783 	EXP 	B2_stim_text: text = 'Coyote'
259.7783 	EXP 	B2_stim_text: autoDraw = True
259.7783 	EXP 	B2_trial_cue_text: autoDraw = True
261.2459 	EXP 	Sound  stopped
261.2469 	EXP 	New trial (rep=0, index=26): OrderedDict([('index', 26), ('B2_stim', 'Crab'), ('B2_condition', 'Animals'), ('B2_correct', 'f'), ('sig_volume', 0)])
261.2617 	EXP 	B2_stim_text: autoDraw = False
261.2617 	EXP 	B2_trial_cue_text: autoDraw = False
261.2617 	EXP 	fix_cue_text: autoDraw = True
262.2782 	EXP 	fixation_cross: autoDraw = True
262.7570 	EXP 	Set  sound=A
262.7601 	EXP 	Sound  started
262.7783 	EXP 	fixation_cross: autoDraw = False
262.7783 	EXP 	fix_cue_text: autoDraw = False
262.7783 	EXP 	B2_stim_text: text = 'Crab'
262.7783 	EXP 	B2_stim_text: autoDraw = True
262.7783 	EXP 	B2_trial_cue_text: autoDraw = True
264.2458 	EXP 	Sound  stopped
264.2468 	EXP 	New trial (rep=0, index=27): OrderedDict([('index', 27), ('B2_stim', 'Crocodile'), ('B2_condition', 'Animals'), ('B2_correct', 'f'), ('sig_volume', 0)])
264.2616 	EXP 	B2_stim_text: autoDraw = False
264.2616 	EXP 	B2_trial_cue_text: autoDraw = False
264.2616 	EXP 	fix_cue_text: autoDraw = True
265.2782 	EXP 	fixation_cross: autoDraw = True
265.7695 	EXP 	Set  sound=A
265.7723 	EXP 	Sound  started
265.7950 	EXP 	fixation_cross: autoDraw = False
265.7950 	EXP 	fix_cue_text: autoDraw = False
265.7950 	EXP 	B2_stim_text: text = 'Crocodile'
265.7950 	EXP 	B2_stim_text: autoDraw = True
265.7950 	EXP 	B2_trial_cue_text: autoDraw = True
267.2459 	EXP 	Sound  stopped
267.2469 	EXP 	New trial (rep=0, index=28): OrderedDict([('index', 28), ('B2_stim', 'Deer'), ('B2_condition', 'Animals'), ('B2_correct', 'f'), ('sig_volume', 0)])
267.2615 	EXP 	B2_stim_text: autoDraw = False
267.2615 	EXP 	B2_trial_cue_text: autoDraw = False
267.2615 	EXP 	fix_cue_text: autoDraw = True
268.2781 	EXP 	fixation_cross: autoDraw = True
268.7566 	EXP 	Set  sound=A
268.7595 	EXP 	Sound  started
268.7782 	EXP 	fixation_cross: autoDraw = False
268.7782 	EXP 	fix_cue_text: autoDraw = False
268.7782 	EXP 	B2_stim_text: text = 'Deer'
268.7782 	EXP 	B2_stim_text: autoDraw = True
268.7782 	EXP 	B2_trial_cue_text: autoDraw = True
270.2459 	EXP 	Sound  stopped
270.2469 	EXP 	New trial (rep=0, index=29): OrderedDict([('index', 29), ('B2_stim', 'Dog'), ('B2_condition', 'Animals'), ('B2_correct', 'f'), ('sig_volume', 0)])
270.2615 	EXP 	B2_stim_text: autoDraw = False
270.2615 	EXP 	B2_trial_cue_text: autoDraw = False
270.2615 	EXP 	fix_cue_text: autoDraw = True
271.2780 	EXP 	fixation_cross: autoDraw = True
271.7556 	EXP 	Set  sound=A
271.7588 	EXP 	Sound  started
271.7781 	EXP 	fixation_cross: autoDraw = False
271.7781 	EXP 	fix_cue_text: autoDraw = False
271.7781 	EXP 	B2_stim_text: text = 'Dog'
271.7781 	EXP 	B2_stim_text: autoDraw = True
271.7781 	EXP 	B2_trial_cue_text: autoDraw = True
273.2457 	EXP 	Sound  stopped
273.2467 	EXP 	New trial (rep=0, index=30): OrderedDict([('index', 30), ('B2_stim', 'Dolphin'), ('B2_condition', 'Animals'), ('B2_correct', 'f'), ('sig_volume', 0)])
273.2613 	EXP 	B2_stim_text: autoDraw = False
273.2613 	EXP 	B2_trial_cue_text: autoDraw = False
273.2613 	EXP 	fix_cue_text: autoDraw = True
274.2780 	EXP 	fixation_cross: autoDraw = True
274.8160 	EXP 	Set  sound=A
274.8180 	EXP 	Sound  started
274.8283 	EXP 	fixation_cross: autoDraw = False
274.8283 	EXP 	fix_cue_text: autoDraw = False
274.8283 	EXP 	B2_stim_text: text = 'Dolphin'
274.8283 	EXP 	B2_stim_text: autoDraw = True
274.8283 	EXP 	B2_trial_cue_text: autoDraw = True
276.2457 	EXP 	Sound  stopped
276.2467 	EXP 	New trial (rep=0, index=31): OrderedDict([('index', 31), ('B2_stim', 'Donkey'), ('B2_condition', 'Animals'), ('B2_correct', 'f'), ('sig_volume', 0)])
276.2614 	EXP 	B2_stim_text: autoDraw = False
276.2614 	EXP 	B2_trial_cue_text: autoDraw = False
276.2614 	EXP 	fix_cue_text: autoDraw = True
277.2780 	EXP 	fixation_cross: autoDraw = True
277.7609 	EXP 	Set  sound=A
277.7645 	EXP 	Sound  started
277.7779 	EXP 	fixation_cross: autoDraw = False
277.7779 	EXP 	fix_cue_text: autoDraw = False
277.7779 	EXP 	B2_stim_text: text = 'Donkey'
277.7779 	EXP 	B2_stim_text: autoDraw = True
277.7779 	EXP 	B2_trial_cue_text: autoDraw = True
279.2456 	EXP 	Sound  stopped
279.2466 	EXP 	New trial (rep=0, index=32): OrderedDict([('index', 32), ('B2_stim', 'Duck'), ('B2_condition', 'Animals'), ('B2_correct', 'f'), ('sig_volume', 0)])
279.2613 	EXP 	B2_stim_text: autoDraw = False
279.2613 	EXP 	B2_trial_cue_text: autoDraw = False
279.2613 	EXP 	fix_cue_text: autoDraw = True
280.2779 	EXP 	fixation_cross: autoDraw = True
280.7582 	EXP 	Set  sound=A
280.7614 	EXP 	Sound  started
280.7778 	EXP 	fixation_cross: autoDraw = False
280.7778 	EXP 	fix_cue_text: autoDraw = False
280.7778 	EXP 	B2_stim_text: text = 'Duck'
280.7778 	EXP 	B2_stim_text: autoDraw = True
280.7778 	EXP 	B2_trial_cue_text: autoDraw = True
282.2455 	EXP 	Sound  stopped
282.2466 	EXP 	New trial (rep=0, index=33): OrderedDict([('index', 33), ('B2_stim', 'Eagle'), ('B2_condition', 'Animals'), ('B2_correct', 'f'), ('sig_volume', 0)])
282.2613 	EXP 	B2_stim_text: autoDraw = False
282.2613 	EXP 	B2_trial_cue_text: autoDraw = False
282.2613 	EXP 	fix_cue_text: autoDraw = True
283.2779 	EXP 	fixation_cross: autoDraw = True
283.7692 	EXP 	Set  sound=A
283.7730 	EXP 	Sound  started
283.7947 	EXP 	fixation_cross: autoDraw = False
283.7947 	EXP 	fix_cue_text: autoDraw = False
283.7947 	EXP 	B2_stim_text: text = 'Eagle'
283.7947 	EXP 	B2_stim_text: autoDraw = True
283.7947 	EXP 	B2_trial_cue_text: autoDraw = True
285.2456 	EXP 	Sound  stopped
285.2466 	EXP 	New trial (rep=0, index=34): OrderedDict([('index', 34), ('B2_stim', 'Eel'), ('B2_condition', 'Animals'), ('B2_correct', 'f'), ('sig_volume', 1)])
285.2612 	EXP 	B2_stim_text: autoDraw = False
285.2612 	EXP 	B2_trial_cue_text: autoDraw = False
285.2612 	EXP 	fix_cue_text: autoDraw = True
286.2778 	EXP 	fixation_cross: autoDraw = True
286.7555 	EXP 	Set  sound=A
286.7590 	EXP 	Sound  started
286.7778 	EXP 	fixation_cross: autoDraw = False
286.7778 	EXP 	fix_cue_text: autoDraw = False
286.7778 	EXP 	B2_stim_text: text = 'Eel'
286.7778 	EXP 	B2_stim_text: autoDraw = True
286.7778 	EXP 	B2_trial_cue_text: autoDraw = True
288.2455 	EXP 	Sound  stopped
288.2465 	EXP 	New trial (rep=0, index=35): OrderedDict([('index', 35), ('B2_stim', 'Elephant'), ('B2_condition', 'Animals'), ('B2_correct', 'f'), ('sig_volume', 0)])
288.2612 	EXP 	B2_stim_text: autoDraw = False
288.2612 	EXP 	B2_trial_cue_text: autoDraw = False
288.2612 	EXP 	fix_cue_text: autoDraw = True
289.2778 	EXP 	fixation_cross: autoDraw = True
289.7313 	DATA 	Keypress: escape
289.7649 	EXP 	Set  sound=A
289.7679 	EXP 	Sound  started
289.7801 	EXP 	fixation_cross: autoDraw = False
289.7801 	EXP 	fix_cue_text: autoDraw = False
289.7801 	EXP 	B2_stim_text: text = 'Elephant'
289.7801 	EXP 	B2_stim_text: autoDraw = True
289.7801 	EXP 	B2_trial_cue_text: autoDraw = True
291.2478 	EXP 	Sound  stopped
291.2488 	EXP 	New trial (rep=0, index=36): OrderedDict([('index', 36), ('B2_stim', 'Ferret'), ('B2_condition', 'Animals'), ('B2_correct', 'f'), ('sig_volume', 0)])
291.2633 	EXP 	B2_stim_text: autoDraw = False
291.2633 	EXP 	B2_trial_cue_text: autoDraw = False
291.2633 	EXP 	fix_cue_text: autoDraw = True
291.3671 	DATA 	Keypress: escape
291.6785 	EXP 	window1: mouseVisible = True
